
2026/06/24 23:16:30 [32m/Users/pengchunhui/code/aiops/AiOpsHub/backend/internal/database/database.go:61
[0m[33m[132.470ms] [34;1m[rows:1][0m SELECT count(*) FROM information_schema.tables WHERE table_schema = CURRENT_SCHEMA() AND table_name = 'agents' AND table_type = 'BASE TABLE'

2026/06/24 23:16:30 [32m/Users/pengchunhui/code/aiops/AiOpsHub/backend/internal/database/database.go:61
[0m[33m[111.169ms] [34;1m[rows:1][0m SELECT CURRENT_DATABASE()

2026/06/24 23:16:30 [32m/Users/pengchunhui/code/aiops/AiOpsHub/backend/internal/database/database.go:61
[0m[33m[121.206ms] [34;1m[rows:-][0m SELECT c.column_name, c.is_nullable = 'YES', c.udt_name, c.character_maximum_length, c.numeric_precision, c.numeric_precision_radix, c.numeric_scale, c.datetime_precision, 8 * typlen, c.column_default, pd.description, c.identity_increment FROM information_schema.columns AS c JOIN pg_type AS pgt ON c.udt_name = pgt.typname LEFT JOIN pg_catalog.pg_description as pd ON pd.objsubid = c.ordinal_position AND pd.objoid = (SELECT oid FROM pg_catalog.pg_class WHERE relname = c.table_name AND relnamespace = (SELECT oid FROM pg_catalog.pg_namespace WHERE nspname = c.table_schema)) where table_catalog = 'aiopsdb' AND table_schema = CURRENT_SCHEMA() AND table_name = 'agents'

2026/06/24 23:16:30 [32m/Users/pengchunhui/code/aiops/AiOpsHub/backend/internal/database/database.go:61
[0m[33m[48.454ms] [34;1m[rows:-][0m SELECT * FROM "agents" LIMIT 5

2026/06/24 23:16:30 [32m/Users/pengchunhui/code/aiops/AiOpsHub/backend/internal/database/database.go:61
[0m[33m[121.635ms] [34;1m[rows:-][0m SELECT constraint_name FROM information_schema.table_constraints tc JOIN information_schema.constraint_column_usage AS ccu USING (constraint_schema, constraint_catalog, table_name, constraint_name) JOIN information_schema.columns AS c ON c.table_schema = tc.constraint_schema AND tc.table_name = c.table_name AND ccu.column_name = c.column_name WHERE constraint_type IN ('PRIMARY KEY', 'UNIQUE') AND c.table_catalog = 'aiopsdb' AND c.table_schema = CURRENT_SCHEMA() AND c.table_name = 'agents' AND constraint_type = 'UNIQUE'

2026/06/24 23:16:30 [32m/Users/pengchunhui/code/aiops/AiOpsHub/backend/internal/database/database.go:61
[0m[33m[126.808ms] [34;1m[rows:-][0m SELECT c.column_name, constraint_name, constraint_type FROM information_schema.table_constraints tc JOIN information_schema.constraint_column_usage AS ccu USING (constraint_schema, constraint_catalog, table_name, constraint_name) JOIN information_schema.columns AS c ON c.table_schema = tc.constraint_schema AND tc.table_name = c.table_name AND ccu.column_name = c.column_name WHERE constraint_type IN ('PRIMARY KEY', 'UNIQUE') AND c.table_catalog = 'aiopsdb' AND c.table_schema = CURRENT_SCHEMA() AND c.table_name = 'agents'

2026/06/24 23:16:30 [32m/Users/pengchunhui/code/aiops/AiOpsHub/backend/internal/database/database.go:61
[0m[33m[112.176ms] [34;1m[rows:-][0m SELECT a.attname as column_name, format_type(a.atttypid, a.atttypmod) AS data_type
		FROM pg_attribute a JOIN pg_class b ON a.attrelid = b.oid AND relnamespace = (SELECT oid FROM pg_catalog.pg_namespace WHERE nspname = CURRENT_SCHEMA())
		WHERE a.attnum > 0 -- hide internal columns
		AND NOT a.attisdropped -- hide deleted columns
		AND b.relname = 'agents'

2026/06/24 23:16:30 [32m/Users/pengchunhui/code/aiops/AiOpsHub/backend/internal/database/database.go:61
[0m[33m[116.133ms] [34;1m[rows:0][0m SELECT description FROM pg_catalog.pg_description WHERE objsubid = (SELECT ordinal_position FROM information_schema.columns WHERE table_schema = CURRENT_SCHEMA() AND table_name = 'agents' AND column_name = 'id') AND objoid = (SELECT oid FROM pg_catalog.pg_class WHERE relname = 'agents' AND relnamespace = (SELECT oid FROM pg_catalog.pg_namespace WHERE nspname = CURRENT_SCHEMA()))

2026/06/24 23:16:30 [32m/Users/pengchunhui/code/aiops/AiOpsHub/backend/internal/database/database.go:61
[0m[33m[55.277ms] [34;1m[rows:0][0m SELECT description FROM pg_catalog.pg_description WHERE objsubid = (SELECT ordinal_position FROM information_schema.columns WHERE table_schema = CURRENT_SCHEMA() AND table_name = 'agents' AND column_name = 'name') AND objoid = (SELECT oid FROM pg_catalog.pg_class WHERE relname = 'agents' AND relnamespace = (SELECT oid FROM pg_catalog.pg_namespace WHERE nspname = CURRENT_SCHEMA()))

2026/06/24 23:16:30 [32m/Users/pengchunhui/code/aiops/AiOpsHub/backend/internal/database/database.go:61
[0m[33m[50.566ms] [34;1m[rows:0][0m SELECT description FROM pg_catalog.pg_description WHERE objsubid = (SELECT ordinal_position FROM information_schema.columns WHERE table_schema = CURRENT_SCHEMA() AND table_name = 'agents' AND column_name = 'type') AND objoid = (SELECT oid FROM pg_catalog.pg_class WHERE relname = 'agents' AND relnamespace = (SELECT oid FROM pg_catalog.pg_namespace WHERE nspname = CURRENT_SCHEMA()))

2026/06/24 23:16:30 [32m/Users/pengchunhui/code/aiops/AiOpsHub/backend/internal/database/database.go:61
[0m[33m[49.977ms] [34;1m[rows:0][0m SELECT description FROM pg_catalog.pg_description WHERE objsubid = (SELECT ordinal_position FROM information_schema.columns WHERE table_schema = CURRENT_SCHEMA() AND table_name = 'agents' AND column_name = 'description') AND objoid = (SELECT oid FROM pg_catalog.pg_class WHERE relname = 'agents' AND relnamespace = (SELECT oid FROM pg_catalog.pg_namespace WHERE nspname = CURRENT_SCHEMA()))

2026/06/24 23:16:30 [32m/Users/pengchunhui/code/aiops/AiOpsHub/backend/internal/database/database.go:61
[0m[33m[45.446ms] [34;1m[rows:0][0m SELECT description FROM pg_catalog.pg_description WHERE objsubid = (SELECT ordinal_position FROM information_schema.columns WHERE table_schema = CURRENT_SCHEMA() AND table_name = 'agents' AND column_name = 'config') AND objoid = (SELECT oid FROM pg_catalog.pg_class WHERE relname = 'agents' AND relnamespace = (SELECT oid FROM pg_catalog.pg_namespace WHERE nspname = CURRENT_SCHEMA()))

2026/06/24 23:16:31 [32m/Users/pengchunhui/code/aiops/AiOpsHub/backend/internal/database/database.go:61
[0m[33m[55.795ms] [34;1m[rows:0][0m SELECT description FROM pg_catalog.pg_description WHERE objsubid = (SELECT ordinal_position FROM information_schema.columns WHERE table_schema = CURRENT_SCHEMA() AND table_name = 'agents' AND column_name = 'status') AND objoid = (SELECT oid FROM pg_catalog.pg_class WHERE relname = 'agents' AND relnamespace = (SELECT oid FROM pg_catalog.pg_namespace WHERE nspname = CURRENT_SCHEMA()))

2026/06/24 23:16:31 [32m/Users/pengchunhui/code/aiops/AiOpsHub/backend/internal/database/database.go:61
[0m[33m[60.941ms] [34;1m[rows:0][0m SELECT description FROM pg_catalog.pg_description WHERE objsubid = (SELECT ordinal_position FROM information_schema.columns WHERE table_schema = CURRENT_SCHEMA() AND table_name = 'agents' AND column_name = 'created_at') AND objoid = (SELECT oid FROM pg_catalog.pg_class WHERE relname = 'agents' AND relnamespace = (SELECT oid FROM pg_catalog.pg_namespace WHERE nspname = CURRENT_SCHEMA()))

2026/06/24 23:16:31 [32m/Users/pengchunhui/code/aiops/AiOpsHub/backend/internal/database/database.go:61
[0m[33m[47.434ms] [34;1m[rows:0][0m SELECT description FROM pg_catalog.pg_description WHERE objsubid = (SELECT ordinal_position FROM information_schema.columns WHERE table_schema = CURRENT_SCHEMA() AND table_name = 'agents' AND column_name = 'updated_at') AND objoid = (SELECT oid FROM pg_catalog.pg_class WHERE relname = 'agents' AND relnamespace = (SELECT oid FROM pg_catalog.pg_namespace WHERE nspname = CURRENT_SCHEMA()))

2026/06/24 23:16:31 [32m/Users/pengchunhui/code/aiops/AiOpsHub/backend/internal/database/database.go:61
[0m[33m[50.406ms] [34;1m[rows:1][0m SELECT count(*) FROM information_schema.tables WHERE table_schema = CURRENT_SCHEMA() AND table_name = 'workflows' AND table_type = 'BASE TABLE'

2026/06/24 23:16:31 [32m/Users/pengchunhui/code/aiops/AiOpsHub/backend/internal/database/database.go:61
[0m[33m[48.750ms] [34;1m[rows:1][0m SELECT CURRENT_DATABASE()

2026/06/24 23:16:31 [32m/Users/pengchunhui/code/aiops/AiOpsHub/backend/internal/database/database.go:61
[0m[33m[67.091ms] [34;1m[rows:-][0m SELECT c.column_name, c.is_nullable = 'YES', c.udt_name, c.character_maximum_length, c.numeric_precision, c.numeric_precision_radix, c.numeric_scale, c.datetime_precision, 8 * typlen, c.column_default, pd.description, c.identity_increment FROM information_schema.columns AS c JOIN pg_type AS pgt ON c.udt_name = pgt.typname LEFT JOIN pg_catalog.pg_description as pd ON pd.objsubid = c.ordinal_position AND pd.objoid = (SELECT oid FROM pg_catalog.pg_class WHERE relname = c.table_name AND relnamespace = (SELECT oid FROM pg_catalog.pg_namespace WHERE nspname = c.table_schema)) where table_catalog = 'aiopsdb' AND table_schema = CURRENT_SCHEMA() AND table_name = 'workflows'

2026/06/24 23:16:31 [32m/Users/pengchunhui/code/aiops/AiOpsHub/backend/internal/database/database.go:61
[0m[33m[49.159ms] [34;1m[rows:-][0m SELECT * FROM "workflows" LIMIT 5

2026/06/24 23:16:31 [32m/Users/pengchunhui/code/aiops/AiOpsHub/backend/internal/database/database.go:61
[0m[33m[59.364ms] [34;1m[rows:-][0m SELECT constraint_name FROM information_schema.table_constraints tc JOIN information_schema.constraint_column_usage AS ccu USING (constraint_schema, constraint_catalog, table_name, constraint_name) JOIN information_schema.columns AS c ON c.table_schema = tc.constraint_schema AND tc.table_name = c.table_name AND ccu.column_name = c.column_name WHERE constraint_type IN ('PRIMARY KEY', 'UNIQUE') AND c.table_catalog = 'aiopsdb' AND c.table_schema = CURRENT_SCHEMA() AND c.table_name = 'workflows' AND constraint_type = 'UNIQUE'

2026/06/24 23:16:31 [32m/Users/pengchunhui/code/aiops/AiOpsHub/backend/internal/database/database.go:61
[0m[33m[47.353ms] [34;1m[rows:-][0m SELECT c.column_name, constraint_name, constraint_type FROM information_schema.table_constraints tc JOIN information_schema.constraint_column_usage AS ccu USING (constraint_schema, constraint_catalog, table_name, constraint_name) JOIN information_schema.columns AS c ON c.table_schema = tc.constraint_schema AND tc.table_name = c.table_name AND ccu.column_name = c.column_name WHERE constraint_type IN ('PRIMARY KEY', 'UNIQUE') AND c.table_catalog = 'aiopsdb' AND c.table_schema = CURRENT_SCHEMA() AND c.table_name = 'workflows'

2026/06/24 23:16:31 [32m/Users/pengchunhui/code/aiops/AiOpsHub/backend/internal/database/database.go:61
[0m[33m[46.302ms] [34;1m[rows:-][0m SELECT a.attname as column_name, format_type(a.atttypid, a.atttypmod) AS data_type
		FROM pg_attribute a JOIN pg_class b ON a.attrelid = b.oid AND relnamespace = (SELECT oid FROM pg_catalog.pg_namespace WHERE nspname = CURRENT_SCHEMA())
		WHERE a.attnum > 0 -- hide internal columns
		AND NOT a.attisdropped -- hide deleted columns
		AND b.relname = 'workflows'

2026/06/24 23:16:31 [32m/Users/pengchunhui/code/aiops/AiOpsHub/backend/internal/database/database.go:61
[0m[33m[45.577ms] [34;1m[rows:0][0m SELECT description FROM pg_catalog.pg_description WHERE objsubid = (SELECT ordinal_position FROM information_schema.columns WHERE table_schema = CURRENT_SCHEMA() AND table_name = 'workflows' AND column_name = 'id') AND objoid = (SELECT oid FROM pg_catalog.pg_class WHERE relname = 'workflows' AND relnamespace = (SELECT oid FROM pg_catalog.pg_namespace WHERE nspname = CURRENT_SCHEMA()))

2026/06/24 23:16:31 [32m/Users/pengchunhui/code/aiops/AiOpsHub/backend/internal/database/database.go:61
[0m[33m[48.443ms] [34;1m[rows:0][0m SELECT description FROM pg_catalog.pg_description WHERE objsubid = (SELECT ordinal_position FROM information_schema.columns WHERE table_schema = CURRENT_SCHEMA() AND table_name = 'workflows' AND column_name = 'name') AND objoid = (SELECT oid FROM pg_catalog.pg_class WHERE relname = 'workflows' AND relnamespace = (SELECT oid FROM pg_catalog.pg_namespace WHERE nspname = CURRENT_SCHEMA()))

2026/06/24 23:16:31 [32m/Users/pengchunhui/code/aiops/AiOpsHub/backend/internal/database/database.go:61
[0m[33m[50.381ms] [34;1m[rows:0][0m SELECT description FROM pg_catalog.pg_description WHERE objsubid = (SELECT ordinal_position FROM information_schema.columns WHERE table_schema = CURRENT_SCHEMA() AND table_name = 'workflows' AND column_name = 'description') AND objoid = (SELECT oid FROM pg_catalog.pg_class WHERE relname = 'workflows' AND relnamespace = (SELECT oid FROM pg_catalog.pg_namespace WHERE nspname = CURRENT_SCHEMA()))

2026/06/24 23:16:31 [32m/Users/pengchunhui/code/aiops/AiOpsHub/backend/internal/database/database.go:61
[0m[33m[44.559ms] [34;1m[rows:0][0m SELECT description FROM pg_catalog.pg_description WHERE objsubid = (SELECT ordinal_position FROM information_schema.columns WHERE table_schema = CURRENT_SCHEMA() AND table_name = 'workflows' AND column_name = 'definition') AND objoid = (SELECT oid FROM pg_catalog.pg_class WHERE relname = 'workflows' AND relnamespace = (SELECT oid FROM pg_catalog.pg_namespace WHERE nspname = CURRENT_SCHEMA()))

2026/06/24 23:16:31 [32m/Users/pengchunhui/code/aiops/AiOpsHub/backend/internal/database/database.go:61
[0m[33m[44.320ms] [34;1m[rows:0][0m SELECT description FROM pg_catalog.pg_description WHERE objsubid = (SELECT ordinal_position FROM information_schema.columns WHERE table_schema = CURRENT_SCHEMA() AND table_name = 'workflows' AND column_name = 'status') AND objoid = (SELECT oid FROM pg_catalog.pg_class WHERE relname = 'workflows' AND relnamespace = (SELECT oid FROM pg_catalog.pg_namespace WHERE nspname = CURRENT_SCHEMA()))

2026/06/24 23:16:31 [32m/Users/pengchunhui/code/aiops/AiOpsHub/backend/internal/database/database.go:61
[0m[33m[62.071ms] [34;1m[rows:0][0m SELECT description FROM pg_catalog.pg_description WHERE objsubid = (SELECT ordinal_position FROM information_schema.columns WHERE table_schema = CURRENT_SCHEMA() AND table_name = 'workflows' AND column_name = 'created_at') AND objoid = (SELECT oid FROM pg_catalog.pg_class WHERE relname = 'workflows' AND relnamespace = (SELECT oid FROM pg_catalog.pg_namespace WHERE nspname = CURRENT_SCHEMA()))

2026/06/24 23:16:31 [32m/Users/pengchunhui/code/aiops/AiOpsHub/backend/internal/database/database.go:61
[0m[33m[46.391ms] [34;1m[rows:0][0m SELECT description FROM pg_catalog.pg_description WHERE objsubid = (SELECT ordinal_position FROM information_schema.columns WHERE table_schema = CURRENT_SCHEMA() AND table_name = 'workflows' AND column_name = 'updated_at') AND objoid = (SELECT oid FROM pg_catalog.pg_class WHERE relname = 'workflows' AND relnamespace = (SELECT oid FROM pg_catalog.pg_namespace WHERE nspname = CURRENT_SCHEMA()))

2026/06/24 23:16:31 [32m/Users/pengchunhui/code/aiops/AiOpsHub/backend/internal/database/database.go:61
[0m[33m[52.070ms] [34;1m[rows:1][0m SELECT count(*) FROM information_schema.tables WHERE table_schema = CURRENT_SCHEMA() AND table_name = 'workflow_executions' AND table_type = 'BASE TABLE'

2026/06/24 23:16:31 [32m/Users/pengchunhui/code/aiops/AiOpsHub/backend/internal/database/database.go:61
[0m[33m[73.920ms] [34;1m[rows:1][0m SELECT CURRENT_DATABASE()

2026/06/24 23:16:32 [32m/Users/pengchunhui/code/aiops/AiOpsHub/backend/internal/database/database.go:61
[0m[33m[57.489ms] [34;1m[rows:-][0m SELECT c.column_name, c.is_nullable = 'YES', c.udt_name, c.character_maximum_length, c.numeric_precision, c.numeric_precision_radix, c.numeric_scale, c.datetime_precision, 8 * typlen, c.column_default, pd.description, c.identity_increment FROM information_schema.columns AS c JOIN pg_type AS pgt ON c.udt_name = pgt.typname LEFT JOIN pg_catalog.pg_description as pd ON pd.objsubid = c.ordinal_position AND pd.objoid = (SELECT oid FROM pg_catalog.pg_class WHERE relname = c.table_name AND relnamespace = (SELECT oid FROM pg_catalog.pg_namespace WHERE nspname = c.table_schema)) where table_catalog = 'aiopsdb' AND table_schema = CURRENT_SCHEMA() AND table_name = 'workflow_executions'

2026/06/24 23:16:32 [32m/Users/pengchunhui/code/aiops/AiOpsHub/backend/internal/database/database.go:61
[0m[33m[47.981ms] [34;1m[rows:-][0m SELECT * FROM "workflow_executions" LIMIT 5

2026/06/24 23:16:32 [32m/Users/pengchunhui/code/aiops/AiOpsHub/backend/internal/database/database.go:61
[0m[33m[49.076ms] [34;1m[rows:-][0m SELECT constraint_name FROM information_schema.table_constraints tc JOIN information_schema.constraint_column_usage AS ccu USING (constraint_schema, constraint_catalog, table_name, constraint_name) JOIN information_schema.columns AS c ON c.table_schema = tc.constraint_schema AND tc.table_name = c.table_name AND ccu.column_name = c.column_name WHERE constraint_type IN ('PRIMARY KEY', 'UNIQUE') AND c.table_catalog = 'aiopsdb' AND c.table_schema = CURRENT_SCHEMA() AND c.table_name = 'workflow_executions' AND constraint_type = 'UNIQUE'

2026/06/24 23:16:32 [32m/Users/pengchunhui/code/aiops/AiOpsHub/backend/internal/database/database.go:61
[0m[33m[48.802ms] [34;1m[rows:-][0m SELECT c.column_name, constraint_name, constraint_type FROM information_schema.table_constraints tc JOIN information_schema.constraint_column_usage AS ccu USING (constraint_schema, constraint_catalog, table_name, constraint_name) JOIN information_schema.columns AS c ON c.table_schema = tc.constraint_schema AND tc.table_name = c.table_name AND ccu.column_name = c.column_name WHERE constraint_type IN ('PRIMARY KEY', 'UNIQUE') AND c.table_catalog = 'aiopsdb' AND c.table_schema = CURRENT_SCHEMA() AND c.table_name = 'workflow_executions'

2026/06/24 23:16:32 [32m/Users/pengchunhui/code/aiops/AiOpsHub/backend/internal/database/database.go:61
[0m[33m[50.377ms] [34;1m[rows:-][0m SELECT a.attname as column_name, format_type(a.atttypid, a.atttypmod) AS data_type
		FROM pg_attribute a JOIN pg_class b ON a.attrelid = b.oid AND relnamespace = (SELECT oid FROM pg_catalog.pg_namespace WHERE nspname = CURRENT_SCHEMA())
		WHERE a.attnum > 0 -- hide internal columns
		AND NOT a.attisdropped -- hide deleted columns
		AND b.relname = 'workflow_executions'

2026/06/24 23:16:32 [32m/Users/pengchunhui/code/aiops/AiOpsHub/backend/internal/database/database.go:61
[0m[33m[48.189ms] [34;1m[rows:0][0m SELECT description FROM pg_catalog.pg_description WHERE objsubid = (SELECT ordinal_position FROM information_schema.columns WHERE table_schema = CURRENT_SCHEMA() AND table_name = 'workflow_executions' AND column_name = 'id') AND objoid = (SELECT oid FROM pg_catalog.pg_class WHERE relname = 'workflow_executions' AND relnamespace = (SELECT oid FROM pg_catalog.pg_namespace WHERE nspname = CURRENT_SCHEMA()))

2026/06/24 23:16:32 [32m/Users/pengchunhui/code/aiops/AiOpsHub/backend/internal/database/database.go:61
[0m[33m[45.368ms] [34;1m[rows:0][0m SELECT description FROM pg_catalog.pg_description WHERE objsubid = (SELECT ordinal_position FROM information_schema.columns WHERE table_schema = CURRENT_SCHEMA() AND table_name = 'workflow_executions' AND column_name = 'workflow_id') AND objoid = (SELECT oid FROM pg_catalog.pg_class WHERE relname = 'workflow_executions' AND relnamespace = (SELECT oid FROM pg_catalog.pg_namespace WHERE nspname = CURRENT_SCHEMA()))

2026/06/24 23:16:32 [32m/Users/pengchunhui/code/aiops/AiOpsHub/backend/internal/database/database.go:61
[0m[33m[56.056ms] [34;1m[rows:0][0m SELECT description FROM pg_catalog.pg_description WHERE objsubid = (SELECT ordinal_position FROM information_schema.columns WHERE table_schema = CURRENT_SCHEMA() AND table_name = 'workflow_executions' AND column_name = 'status') AND objoid = (SELECT oid FROM pg_catalog.pg_class WHERE relname = 'workflow_executions' AND relnamespace = (SELECT oid FROM pg_catalog.pg_namespace WHERE nspname = CURRENT_SCHEMA()))

2026/06/24 23:16:32 [32m/Users/pengchunhui/code/aiops/AiOpsHub/backend/internal/database/database.go:61
[0m[33m[55.560ms] [34;1m[rows:0][0m SELECT description FROM pg_catalog.pg_description WHERE objsubid = (SELECT ordinal_position FROM information_schema.columns WHERE table_schema = CURRENT_SCHEMA() AND table_name = 'workflow_executions' AND column_name = 'input') AND objoid = (SELECT oid FROM pg_catalog.pg_class WHERE relname = 'workflow_executions' AND relnamespace = (SELECT oid FROM pg_catalog.pg_namespace WHERE nspname = CURRENT_SCHEMA()))

2026/06/24 23:16:32 [32m/Users/pengchunhui/code/aiops/AiOpsHub/backend/internal/database/database.go:61
[0m[33m[80.824ms] [34;1m[rows:0][0m SELECT description FROM pg_catalog.pg_description WHERE objsubid = (SELECT ordinal_position FROM information_schema.columns WHERE table_schema = CURRENT_SCHEMA() AND table_name = 'workflow_executions' AND column_name = 'output') AND objoid = (SELECT oid FROM pg_catalog.pg_class WHERE relname = 'workflow_executions' AND relnamespace = (SELECT oid FROM pg_catalog.pg_namespace WHERE nspname = CURRENT_SCHEMA()))

2026/06/24 23:16:32 [32m/Users/pengchunhui/code/aiops/AiOpsHub/backend/internal/database/database.go:61
[0m[33m[44.264ms] [34;1m[rows:0][0m SELECT description FROM pg_catalog.pg_description WHERE objsubid = (SELECT ordinal_position FROM information_schema.columns WHERE table_schema = CURRENT_SCHEMA() AND table_name = 'workflow_executions' AND column_name = 'error') AND objoid = (SELECT oid FROM pg_catalog.pg_class WHERE relname = 'workflow_executions' AND relnamespace = (SELECT oid FROM pg_catalog.pg_namespace WHERE nspname = CURRENT_SCHEMA()))

2026/06/24 23:16:32 [32m/Users/pengchunhui/code/aiops/AiOpsHub/backend/internal/database/database.go:61
[0m[33m[77.302ms] [34;1m[rows:0][0m SELECT description FROM pg_catalog.pg_description WHERE objsubid = (SELECT ordinal_position FROM information_schema.columns WHERE table_schema = CURRENT_SCHEMA() AND table_name = 'workflow_executions' AND column_name = 'started_at') AND objoid = (SELECT oid FROM pg_catalog.pg_class WHERE relname = 'workflow_executions' AND relnamespace = (SELECT oid FROM pg_catalog.pg_namespace WHERE nspname = CURRENT_SCHEMA()))

2026/06/24 23:16:32 [32m/Users/pengchunhui/code/aiops/AiOpsHub/backend/internal/database/database.go:61
[0m[33m[54.913ms] [34;1m[rows:0][0m SELECT description FROM pg_catalog.pg_description WHERE objsubid = (SELECT ordinal_position FROM information_schema.columns WHERE table_schema = CURRENT_SCHEMA() AND table_name = 'workflow_executions' AND column_name = 'completed_at') AND objoid = (SELECT oid FROM pg_catalog.pg_class WHERE relname = 'workflow_executions' AND relnamespace = (SELECT oid FROM pg_catalog.pg_namespace WHERE nspname = CURRENT_SCHEMA()))

2026/06/24 23:16:32 [32m/Users/pengchunhui/code/aiops/AiOpsHub/backend/internal/database/database.go:61
[0m[33m[53.319ms] [34;1m[rows:0][0m SELECT description FROM pg_catalog.pg_description WHERE objsubid = (SELECT ordinal_position FROM information_schema.columns WHERE table_schema = CURRENT_SCHEMA() AND table_name = 'workflow_executions' AND column_name = 'created_at') AND objoid = (SELECT oid FROM pg_catalog.pg_class WHERE relname = 'workflow_executions' AND relnamespace = (SELECT oid FROM pg_catalog.pg_namespace WHERE nspname = CURRENT_SCHEMA()))

2026/06/24 23:16:32 [32m/Users/pengchunhui/code/aiops/AiOpsHub/backend/internal/database/database.go:61
[0m[33m[95.863ms] [34;1m[rows:1][0m SELECT count(*) FROM pg_indexes WHERE tablename = 'workflow_executions' AND indexname = 'idx_workflow_executions_workflow_id' AND schemaname = CURRENT_SCHEMA()

2026/06/24 23:16:32 [32m/Users/pengchunhui/code/aiops/AiOpsHub/backend/internal/database/database.go:61
[0m[33m[48.113ms] [34;1m[rows:1][0m SELECT count(*) FROM information_schema.tables WHERE table_schema = CURRENT_SCHEMA() AND table_name = 'alerts' AND table_type = 'BASE TABLE'

2026/06/24 23:16:32 [32m/Users/pengchunhui/code/aiops/AiOpsHub/backend/internal/database/database.go:61
[0m[33m[61.251ms] [34;1m[rows:1][0m SELECT CURRENT_DATABASE()

2026/06/24 23:16:33 [32m/Users/pengchunhui/code/aiops/AiOpsHub/backend/internal/database/database.go:61
[0m[33m[60.441ms] [34;1m[rows:-][0m SELECT c.column_name, c.is_nullable = 'YES', c.udt_name, c.character_maximum_length, c.numeric_precision, c.numeric_precision_radix, c.numeric_scale, c.datetime_precision, 8 * typlen, c.column_default, pd.description, c.identity_increment FROM information_schema.columns AS c JOIN pg_type AS pgt ON c.udt_name = pgt.typname LEFT JOIN pg_catalog.pg_description as pd ON pd.objsubid = c.ordinal_position AND pd.objoid = (SELECT oid FROM pg_catalog.pg_class WHERE relname = c.table_name AND relnamespace = (SELECT oid FROM pg_catalog.pg_namespace WHERE nspname = c.table_schema)) where table_catalog = 'aiopsdb' AND table_schema = CURRENT_SCHEMA() AND table_name = 'alerts'

2026/06/24 23:16:33 [32m/Users/pengchunhui/code/aiops/AiOpsHub/backend/internal/database/database.go:61
[0m[33m[40.820ms] [34;1m[rows:-][0m SELECT * FROM "alerts" LIMIT 5

2026/06/24 23:16:33 [32m/Users/pengchunhui/code/aiops/AiOpsHub/backend/internal/database/database.go:61
[0m[33m[60.544ms] [34;1m[rows:-][0m SELECT constraint_name FROM information_schema.table_constraints tc JOIN information_schema.constraint_column_usage AS ccu USING (constraint_schema, constraint_catalog, table_name, constraint_name) JOIN information_schema.columns AS c ON c.table_schema = tc.constraint_schema AND tc.table_name = c.table_name AND ccu.column_name = c.column_name WHERE constraint_type IN ('PRIMARY KEY', 'UNIQUE') AND c.table_catalog = 'aiopsdb' AND c.table_schema = CURRENT_SCHEMA() AND c.table_name = 'alerts' AND constraint_type = 'UNIQUE'

2026/06/24 23:16:33 [32m/Users/pengchunhui/code/aiops/AiOpsHub/backend/internal/database/database.go:61
[0m[33m[59.193ms] [34;1m[rows:-][0m SELECT c.column_name, constraint_name, constraint_type FROM information_schema.table_constraints tc JOIN information_schema.constraint_column_usage AS ccu USING (constraint_schema, constraint_catalog, table_name, constraint_name) JOIN information_schema.columns AS c ON c.table_schema = tc.constraint_schema AND tc.table_name = c.table_name AND ccu.column_name = c.column_name WHERE constraint_type IN ('PRIMARY KEY', 'UNIQUE') AND c.table_catalog = 'aiopsdb' AND c.table_schema = CURRENT_SCHEMA() AND c.table_name = 'alerts'

2026/06/24 23:16:33 [32m/Users/pengchunhui/code/aiops/AiOpsHub/backend/internal/database/database.go:61
[0m[33m[65.212ms] [34;1m[rows:-][0m SELECT a.attname as column_name, format_type(a.atttypid, a.atttypmod) AS data_type
		FROM pg_attribute a JOIN pg_class b ON a.attrelid = b.oid AND relnamespace = (SELECT oid FROM pg_catalog.pg_namespace WHERE nspname = CURRENT_SCHEMA())
		WHERE a.attnum > 0 -- hide internal columns
		AND NOT a.attisdropped -- hide deleted columns
		AND b.relname = 'alerts'

2026/06/24 23:16:33 [32m/Users/pengchunhui/code/aiops/AiOpsHub/backend/internal/database/database.go:61
[0m[33m[47.286ms] [34;1m[rows:0][0m SELECT description FROM pg_catalog.pg_description WHERE objsubid = (SELECT ordinal_position FROM information_schema.columns WHERE table_schema = CURRENT_SCHEMA() AND table_name = 'alerts' AND column_name = 'id') AND objoid = (SELECT oid FROM pg_catalog.pg_class WHERE relname = 'alerts' AND relnamespace = (SELECT oid FROM pg_catalog.pg_namespace WHERE nspname = CURRENT_SCHEMA()))

2026/06/24 23:16:33 [32m/Users/pengchunhui/code/aiops/AiOpsHub/backend/internal/database/database.go:61
[0m[33m[52.761ms] [34;1m[rows:0][0m SELECT description FROM pg_catalog.pg_description WHERE objsubid = (SELECT ordinal_position FROM information_schema.columns WHERE table_schema = CURRENT_SCHEMA() AND table_name = 'alerts' AND column_name = 'source') AND objoid = (SELECT oid FROM pg_catalog.pg_class WHERE relname = 'alerts' AND relnamespace = (SELECT oid FROM pg_catalog.pg_namespace WHERE nspname = CURRENT_SCHEMA()))

2026/06/24 23:16:33 [32m/Users/pengchunhui/code/aiops/AiOpsHub/backend/internal/database/database.go:61
[0m[33m[46.630ms] [34;1m[rows:0][0m SELECT description FROM pg_catalog.pg_description WHERE objsubid = (SELECT ordinal_position FROM information_schema.columns WHERE table_schema = CURRENT_SCHEMA() AND table_name = 'alerts' AND column_name = 'severity') AND objoid = (SELECT oid FROM pg_catalog.pg_class WHERE relname = 'alerts' AND relnamespace = (SELECT oid FROM pg_catalog.pg_namespace WHERE nspname = CURRENT_SCHEMA()))

2026/06/24 23:16:33 [32m/Users/pengchunhui/code/aiops/AiOpsHub/backend/internal/database/database.go:61
[0m[33m[54.356ms] [34;1m[rows:0][0m SELECT description FROM pg_catalog.pg_description WHERE objsubid = (SELECT ordinal_position FROM information_schema.columns WHERE table_schema = CURRENT_SCHEMA() AND table_name = 'alerts' AND column_name = 'title') AND objoid = (SELECT oid FROM pg_catalog.pg_class WHERE relname = 'alerts' AND relnamespace = (SELECT oid FROM pg_catalog.pg_namespace WHERE nspname = CURRENT_SCHEMA()))

2026/06/24 23:16:33 [32m/Users/pengchunhui/code/aiops/AiOpsHub/backend/internal/database/database.go:61
[0m[33m[45.301ms] [34;1m[rows:0][0m SELECT description FROM pg_catalog.pg_description WHERE objsubid = (SELECT ordinal_position FROM information_schema.columns WHERE table_schema = CURRENT_SCHEMA() AND table_name = 'alerts' AND column_name = 'description') AND objoid = (SELECT oid FROM pg_catalog.pg_class WHERE relname = 'alerts' AND relnamespace = (SELECT oid FROM pg_catalog.pg_namespace WHERE nspname = CURRENT_SCHEMA()))

2026/06/24 23:16:33 [32m/Users/pengchunhui/code/aiops/AiOpsHub/backend/internal/database/database.go:61
[0m[33m[52.237ms] [34;1m[rows:0][0m SELECT description FROM pg_catalog.pg_description WHERE objsubid = (SELECT ordinal_position FROM information_schema.columns WHERE table_schema = CURRENT_SCHEMA() AND table_name = 'alerts' AND column_name = 'status') AND objoid = (SELECT oid FROM pg_catalog.pg_class WHERE relname = 'alerts' AND relnamespace = (SELECT oid FROM pg_catalog.pg_namespace WHERE nspname = CURRENT_SCHEMA()))

2026/06/24 23:16:33 [32m/Users/pengchunhui/code/aiops/AiOpsHub/backend/internal/database/database.go:61
[0m[33m[50.512ms] [34;1m[rows:0][0m SELECT description FROM pg_catalog.pg_description WHERE objsubid = (SELECT ordinal_position FROM information_schema.columns WHERE table_schema = CURRENT_SCHEMA() AND table_name = 'alerts' AND column_name = 'raw_data') AND objoid = (SELECT oid FROM pg_catalog.pg_class WHERE relname = 'alerts' AND relnamespace = (SELECT oid FROM pg_catalog.pg_namespace WHERE nspname = CURRENT_SCHEMA()))

2026/06/24 23:16:33 [32m/Users/pengchunhui/code/aiops/AiOpsHub/backend/internal/database/database.go:61
[0m[33m[51.106ms] [34;1m[rows:0][0m SELECT description FROM pg_catalog.pg_description WHERE objsubid = (SELECT ordinal_position FROM information_schema.columns WHERE table_schema = CURRENT_SCHEMA() AND table_name = 'alerts' AND column_name = 'created_at') AND objoid = (SELECT oid FROM pg_catalog.pg_class WHERE relname = 'alerts' AND relnamespace = (SELECT oid FROM pg_catalog.pg_namespace WHERE nspname = CURRENT_SCHEMA()))

2026/06/24 23:16:33 [32m/Users/pengchunhui/code/aiops/AiOpsHub/backend/internal/database/database.go:61
[0m[33m[47.490ms] [34;1m[rows:0][0m SELECT description FROM pg_catalog.pg_description WHERE objsubid = (SELECT ordinal_position FROM information_schema.columns WHERE table_schema = CURRENT_SCHEMA() AND table_name = 'alerts' AND column_name = 'updated_at') AND objoid = (SELECT oid FROM pg_catalog.pg_class WHERE relname = 'alerts' AND relnamespace = (SELECT oid FROM pg_catalog.pg_namespace WHERE nspname = CURRENT_SCHEMA()))

2026/06/24 23:16:33 [32m/Users/pengchunhui/code/aiops/AiOpsHub/backend/internal/database/database.go:61
[0m[33m[50.577ms] [34;1m[rows:1][0m SELECT count(*) FROM information_schema.tables WHERE table_schema = CURRENT_SCHEMA() AND table_name = 'knowledges' AND table_type = 'BASE TABLE'

2026/06/24 23:16:33 [32m/Users/pengchunhui/code/aiops/AiOpsHub/backend/internal/database/database.go:61
[0m[33m[49.970ms] [34;1m[rows:1][0m SELECT CURRENT_DATABASE()

2026/06/24 23:16:33 [32m/Users/pengchunhui/code/aiops/AiOpsHub/backend/internal/database/database.go:61
[0m[33m[56.840ms] [34;1m[rows:-][0m SELECT c.column_name, c.is_nullable = 'YES', c.udt_name, c.character_maximum_length, c.numeric_precision, c.numeric_precision_radix, c.numeric_scale, c.datetime_precision, 8 * typlen, c.column_default, pd.description, c.identity_increment FROM information_schema.columns AS c JOIN pg_type AS pgt ON c.udt_name = pgt.typname LEFT JOIN pg_catalog.pg_description as pd ON pd.objsubid = c.ordinal_position AND pd.objoid = (SELECT oid FROM pg_catalog.pg_class WHERE relname = c.table_name AND relnamespace = (SELECT oid FROM pg_catalog.pg_namespace WHERE nspname = c.table_schema)) where table_catalog = 'aiopsdb' AND table_schema = CURRENT_SCHEMA() AND table_name = 'knowledges'

2026/06/24 23:16:33 [32m/Users/pengchunhui/code/aiops/AiOpsHub/backend/internal/database/database.go:61
[0m[33m[40.653ms] [34;1m[rows:-][0m SELECT * FROM "knowledges" LIMIT 5

2026/06/24 23:16:33 [32m/Users/pengchunhui/code/aiops/AiOpsHub/backend/internal/database/database.go:61
[0m[33m[52.724ms] [34;1m[rows:-][0m SELECT constraint_name FROM information_schema.table_constraints tc JOIN information_schema.constraint_column_usage AS ccu USING (constraint_schema, constraint_catalog, table_name, constraint_name) JOIN information_schema.columns AS c ON c.table_schema = tc.constraint_schema AND tc.table_name = c.table_name AND ccu.column_name = c.column_name WHERE constraint_type IN ('PRIMARY KEY', 'UNIQUE') AND c.table_catalog = 'aiopsdb' AND c.table_schema = CURRENT_SCHEMA() AND c.table_name = 'knowledges' AND constraint_type = 'UNIQUE'

2026/06/24 23:16:33 [32m/Users/pengchunhui/code/aiops/AiOpsHub/backend/internal/database/database.go:61
[0m[33m[61.799ms] [34;1m[rows:-][0m SELECT c.column_name, constraint_name, constraint_type FROM information_schema.table_constraints tc JOIN information_schema.constraint_column_usage AS ccu USING (constraint_schema, constraint_catalog, table_name, constraint_name) JOIN information_schema.columns AS c ON c.table_schema = tc.constraint_schema AND tc.table_name = c.table_name AND ccu.column_name = c.column_name WHERE constraint_type IN ('PRIMARY KEY', 'UNIQUE') AND c.table_catalog = 'aiopsdb' AND c.table_schema = CURRENT_SCHEMA() AND c.table_name = 'knowledges'

2026/06/24 23:16:34 [32m/Users/pengchunhui/code/aiops/AiOpsHub/backend/internal/database/database.go:61
[0m[33m[54.256ms] [34;1m[rows:-][0m SELECT a.attname as column_name, format_type(a.atttypid, a.atttypmod) AS data_type
		FROM pg_attribute a JOIN pg_class b ON a.attrelid = b.oid AND relnamespace = (SELECT oid FROM pg_catalog.pg_namespace WHERE nspname = CURRENT_SCHEMA())
		WHERE a.attnum > 0 -- hide internal columns
		AND NOT a.attisdropped -- hide deleted columns
		AND b.relname = 'knowledges'

2026/06/24 23:16:34 [32m/Users/pengchunhui/code/aiops/AiOpsHub/backend/internal/database/database.go:61
[0m[33m[52.026ms] [34;1m[rows:0][0m SELECT description FROM pg_catalog.pg_description WHERE objsubid = (SELECT ordinal_position FROM information_schema.columns WHERE table_schema = CURRENT_SCHEMA() AND table_name = 'knowledges' AND column_name = 'id') AND objoid = (SELECT oid FROM pg_catalog.pg_class WHERE relname = 'knowledges' AND relnamespace = (SELECT oid FROM pg_catalog.pg_namespace WHERE nspname = CURRENT_SCHEMA()))

2026/06/24 23:16:34 [32m/Users/pengchunhui/code/aiops/AiOpsHub/backend/internal/database/database.go:61
[0m[33m[53.584ms] [34;1m[rows:0][0m SELECT description FROM pg_catalog.pg_description WHERE objsubid = (SELECT ordinal_position FROM information_schema.columns WHERE table_schema = CURRENT_SCHEMA() AND table_name = 'knowledges' AND column_name = 'title') AND objoid = (SELECT oid FROM pg_catalog.pg_class WHERE relname = 'knowledges' AND relnamespace = (SELECT oid FROM pg_catalog.pg_namespace WHERE nspname = CURRENT_SCHEMA()))

2026/06/24 23:16:34 [32m/Users/pengchunhui/code/aiops/AiOpsHub/backend/internal/database/database.go:61
[0m[33m[49.506ms] [34;1m[rows:0][0m SELECT description FROM pg_catalog.pg_description WHERE objsubid = (SELECT ordinal_position FROM information_schema.columns WHERE table_schema = CURRENT_SCHEMA() AND table_name = 'knowledges' AND column_name = 'content') AND objoid = (SELECT oid FROM pg_catalog.pg_class WHERE relname = 'knowledges' AND relnamespace = (SELECT oid FROM pg_catalog.pg_namespace WHERE nspname = CURRENT_SCHEMA()))

2026/06/24 23:16:34 [32m/Users/pengchunhui/code/aiops/AiOpsHub/backend/internal/database/database.go:61
[0m[33m[45.429ms] [34;1m[rows:0][0m SELECT description FROM pg_catalog.pg_description WHERE objsubid = (SELECT ordinal_position FROM information_schema.columns WHERE table_schema = CURRENT_SCHEMA() AND table_name = 'knowledges' AND column_name = 'type') AND objoid = (SELECT oid FROM pg_catalog.pg_class WHERE relname = 'knowledges' AND relnamespace = (SELECT oid FROM pg_catalog.pg_namespace WHERE nspname = CURRENT_SCHEMA()))

2026/06/24 23:16:34 [32m/Users/pengchunhui/code/aiops/AiOpsHub/backend/internal/database/database.go:61
[0m[33m[111.818ms] [34;1m[rows:0][0m SELECT description FROM pg_catalog.pg_description WHERE objsubid = (SELECT ordinal_position FROM information_schema.columns WHERE table_schema = CURRENT_SCHEMA() AND table_name = 'knowledges' AND column_name = 'tags') AND objoid = (SELECT oid FROM pg_catalog.pg_class WHERE relname = 'knowledges' AND relnamespace = (SELECT oid FROM pg_catalog.pg_namespace WHERE nspname = CURRENT_SCHEMA()))

2026/06/24 23:16:34 [32m/Users/pengchunhui/code/aiops/AiOpsHub/backend/internal/database/database.go:61
[0m[33m[95.845ms] [34;1m[rows:0][0m SELECT description FROM pg_catalog.pg_description WHERE objsubid = (SELECT ordinal_position FROM information_schema.columns WHERE table_schema = CURRENT_SCHEMA() AND table_name = 'knowledges' AND column_name = 'vector_id') AND objoid = (SELECT oid FROM pg_catalog.pg_class WHERE relname = 'knowledges' AND relnamespace = (SELECT oid FROM pg_catalog.pg_namespace WHERE nspname = CURRENT_SCHEMA()))

2026/06/24 23:16:34 [32m/Users/pengchunhui/code/aiops/AiOpsHub/backend/internal/database/database.go:61
[0m[33m[76.278ms] [34;1m[rows:0][0m SELECT description FROM pg_catalog.pg_description WHERE objsubid = (SELECT ordinal_position FROM information_schema.columns WHERE table_schema = CURRENT_SCHEMA() AND table_name = 'knowledges' AND column_name = 'created_at') AND objoid = (SELECT oid FROM pg_catalog.pg_class WHERE relname = 'knowledges' AND relnamespace = (SELECT oid FROM pg_catalog.pg_namespace WHERE nspname = CURRENT_SCHEMA()))

2026/06/24 23:16:34 [32m/Users/pengchunhui/code/aiops/AiOpsHub/backend/internal/database/database.go:61
[0m[33m[61.256ms] [34;1m[rows:0][0m SELECT description FROM pg_catalog.pg_description WHERE objsubid = (SELECT ordinal_position FROM information_schema.columns WHERE table_schema = CURRENT_SCHEMA() AND table_name = 'knowledges' AND column_name = 'updated_at') AND objoid = (SELECT oid FROM pg_catalog.pg_class WHERE relname = 'knowledges' AND relnamespace = (SELECT oid FROM pg_catalog.pg_namespace WHERE nspname = CURRENT_SCHEMA()))

2026/06/24 23:16:34 [32m/Users/pengchunhui/code/aiops/AiOpsHub/backend/internal/database/database.go:61
[0m[33m[63.579ms] [34;1m[rows:1][0m SELECT count(*) FROM information_schema.tables WHERE table_schema = CURRENT_SCHEMA() AND table_name = 'datasources' AND table_type = 'BASE TABLE'

2026/06/24 23:16:34 [32m/Users/pengchunhui/code/aiops/AiOpsHub/backend/internal/database/database.go:61
[0m[33m[57.743ms] [34;1m[rows:1][0m SELECT CURRENT_DATABASE()

2026/06/24 23:16:34 [32m/Users/pengchunhui/code/aiops/AiOpsHub/backend/internal/database/database.go:61
[0m[33m[52.119ms] [34;1m[rows:-][0m SELECT c.column_name, c.is_nullable = 'YES', c.udt_name, c.character_maximum_length, c.numeric_precision, c.numeric_precision_radix, c.numeric_scale, c.datetime_precision, 8 * typlen, c.column_default, pd.description, c.identity_increment FROM information_schema.columns AS c JOIN pg_type AS pgt ON c.udt_name = pgt.typname LEFT JOIN pg_catalog.pg_description as pd ON pd.objsubid = c.ordinal_position AND pd.objoid = (SELECT oid FROM pg_catalog.pg_class WHERE relname = c.table_name AND relnamespace = (SELECT oid FROM pg_catalog.pg_namespace WHERE nspname = c.table_schema)) where table_catalog = 'aiopsdb' AND table_schema = CURRENT_SCHEMA() AND table_name = 'datasources'

2026/06/24 23:16:34 [32m/Users/pengchunhui/code/aiops/AiOpsHub/backend/internal/database/database.go:61
[0m[33m[42.581ms] [34;1m[rows:-][0m SELECT * FROM "datasources" LIMIT 5

2026/06/24 23:16:34 [32m/Users/pengchunhui/code/aiops/AiOpsHub/backend/internal/database/database.go:61
[0m[33m[54.098ms] [34;1m[rows:-][0m SELECT constraint_name FROM information_schema.table_constraints tc JOIN information_schema.constraint_column_usage AS ccu USING (constraint_schema, constraint_catalog, table_name, constraint_name) JOIN information_schema.columns AS c ON c.table_schema = tc.constraint_schema AND tc.table_name = c.table_name AND ccu.column_name = c.column_name WHERE constraint_type IN ('PRIMARY KEY', 'UNIQUE') AND c.table_catalog = 'aiopsdb' AND c.table_schema = CURRENT_SCHEMA() AND c.table_name = 'datasources' AND constraint_type = 'UNIQUE'

2026/06/24 23:16:34 [32m/Users/pengchunhui/code/aiops/AiOpsHub/backend/internal/database/database.go:61
[0m[33m[50.810ms] [34;1m[rows:-][0m SELECT c.column_name, constraint_name, constraint_type FROM information_schema.table_constraints tc JOIN information_schema.constraint_column_usage AS ccu USING (constraint_schema, constraint_catalog, table_name, constraint_name) JOIN information_schema.columns AS c ON c.table_schema = tc.constraint_schema AND tc.table_name = c.table_name AND ccu.column_name = c.column_name WHERE constraint_type IN ('PRIMARY KEY', 'UNIQUE') AND c.table_catalog = 'aiopsdb' AND c.table_schema = CURRENT_SCHEMA() AND c.table_name = 'datasources'

2026/06/24 23:16:34 [32m/Users/pengchunhui/code/aiops/AiOpsHub/backend/internal/database/database.go:61
[0m[33m[55.129ms] [34;1m[rows:-][0m SELECT a.attname as column_name, format_type(a.atttypid, a.atttypmod) AS data_type
		FROM pg_attribute a JOIN pg_class b ON a.attrelid = b.oid AND relnamespace = (SELECT oid FROM pg_catalog.pg_namespace WHERE nspname = CURRENT_SCHEMA())
		WHERE a.attnum > 0 -- hide internal columns
		AND NOT a.attisdropped -- hide deleted columns
		AND b.relname = 'datasources'

2026/06/24 23:16:35 [32m/Users/pengchunhui/code/aiops/AiOpsHub/backend/internal/database/database.go:61
[0m[33m[48.549ms] [34;1m[rows:0][0m SELECT description FROM pg_catalog.pg_description WHERE objsubid = (SELECT ordinal_position FROM information_schema.columns WHERE table_schema = CURRENT_SCHEMA() AND table_name = 'datasources' AND column_name = 'id') AND objoid = (SELECT oid FROM pg_catalog.pg_class WHERE relname = 'datasources' AND relnamespace = (SELECT oid FROM pg_catalog.pg_namespace WHERE nspname = CURRENT_SCHEMA()))

2026/06/24 23:16:35 [32m/Users/pengchunhui/code/aiops/AiOpsHub/backend/internal/database/database.go:61
[0m[33m[51.095ms] [34;1m[rows:0][0m SELECT description FROM pg_catalog.pg_description WHERE objsubid = (SELECT ordinal_position FROM information_schema.columns WHERE table_schema = CURRENT_SCHEMA() AND table_name = 'datasources' AND column_name = 'name') AND objoid = (SELECT oid FROM pg_catalog.pg_class WHERE relname = 'datasources' AND relnamespace = (SELECT oid FROM pg_catalog.pg_namespace WHERE nspname = CURRENT_SCHEMA()))

2026/06/24 23:16:35 [32m/Users/pengchunhui/code/aiops/AiOpsHub/backend/internal/database/database.go:61
[0m[33m[49.701ms] [34;1m[rows:0][0m SELECT description FROM pg_catalog.pg_description WHERE objsubid = (SELECT ordinal_position FROM information_schema.columns WHERE table_schema = CURRENT_SCHEMA() AND table_name = 'datasources' AND column_name = 'type') AND objoid = (SELECT oid FROM pg_catalog.pg_class WHERE relname = 'datasources' AND relnamespace = (SELECT oid FROM pg_catalog.pg_namespace WHERE nspname = CURRENT_SCHEMA()))

2026/06/24 23:16:35 [32m/Users/pengchunhui/code/aiops/AiOpsHub/backend/internal/database/database.go:61
[0m[33m[71.625ms] [34;1m[rows:0][0m SELECT description FROM pg_catalog.pg_description WHERE objsubid = (SELECT ordinal_position FROM information_schema.columns WHERE table_schema = CURRENT_SCHEMA() AND table_name = 'datasources' AND column_name = 'config') AND objoid = (SELECT oid FROM pg_catalog.pg_class WHERE relname = 'datasources' AND relnamespace = (SELECT oid FROM pg_catalog.pg_namespace WHERE nspname = CURRENT_SCHEMA()))

2026/06/24 23:16:35 [32m/Users/pengchunhui/code/aiops/AiOpsHub/backend/internal/database/database.go:61
[0m[33m[45.165ms] [34;1m[rows:0][0m SELECT description FROM pg_catalog.pg_description WHERE objsubid = (SELECT ordinal_position FROM information_schema.columns WHERE table_schema = CURRENT_SCHEMA() AND table_name = 'datasources' AND column_name = 'status') AND objoid = (SELECT oid FROM pg_catalog.pg_class WHERE relname = 'datasources' AND relnamespace = (SELECT oid FROM pg_catalog.pg_namespace WHERE nspname = CURRENT_SCHEMA()))

2026/06/24 23:16:35 [32m/Users/pengchunhui/code/aiops/AiOpsHub/backend/internal/database/database.go:61
[0m[33m[45.224ms] [34;1m[rows:0][0m SELECT description FROM pg_catalog.pg_description WHERE objsubid = (SELECT ordinal_position FROM information_schema.columns WHERE table_schema = CURRENT_SCHEMA() AND table_name = 'datasources' AND column_name = 'created_at') AND objoid = (SELECT oid FROM pg_catalog.pg_class WHERE relname = 'datasources' AND relnamespace = (SELECT oid FROM pg_catalog.pg_namespace WHERE nspname = CURRENT_SCHEMA()))

2026/06/24 23:16:35 [32m/Users/pengchunhui/code/aiops/AiOpsHub/backend/internal/database/database.go:61
[0m[33m[53.629ms] [34;1m[rows:0][0m SELECT description FROM pg_catalog.pg_description WHERE objsubid = (SELECT ordinal_position FROM information_schema.columns WHERE table_schema = CURRENT_SCHEMA() AND table_name = 'datasources' AND column_name = 'updated_at') AND objoid = (SELECT oid FROM pg_catalog.pg_class WHERE relname = 'datasources' AND relnamespace = (SELECT oid FROM pg_catalog.pg_namespace WHERE nspname = CURRENT_SCHEMA()))

2026/06/24 23:16:35 [32m/Users/pengchunhui/code/aiops/AiOpsHub/backend/internal/database/database.go:61
[0m[33m[42.806ms] [34;1m[rows:1][0m SELECT count(*) FROM information_schema.tables WHERE table_schema = CURRENT_SCHEMA() AND table_name = 'users' AND table_type = 'BASE TABLE'

2026/06/24 23:16:35 [32m/Users/pengchunhui/code/aiops/AiOpsHub/backend/internal/database/database.go:61
[0m[33m[53.160ms] [34;1m[rows:1][0m SELECT CURRENT_DATABASE()

2026/06/24 23:16:35 [32m/Users/pengchunhui/code/aiops/AiOpsHub/backend/internal/database/database.go:61
[0m[33m[57.736ms] [34;1m[rows:-][0m SELECT c.column_name, c.is_nullable = 'YES', c.udt_name, c.character_maximum_length, c.numeric_precision, c.numeric_precision_radix, c.numeric_scale, c.datetime_precision, 8 * typlen, c.column_default, pd.description, c.identity_increment FROM information_schema.columns AS c JOIN pg_type AS pgt ON c.udt_name = pgt.typname LEFT JOIN pg_catalog.pg_description as pd ON pd.objsubid = c.ordinal_position AND pd.objoid = (SELECT oid FROM pg_catalog.pg_class WHERE relname = c.table_name AND relnamespace = (SELECT oid FROM pg_catalog.pg_namespace WHERE nspname = c.table_schema)) where table_catalog = 'aiopsdb' AND table_schema = CURRENT_SCHEMA() AND table_name = 'users'

2026/06/24 23:16:35 [32m/Users/pengchunhui/code/aiops/AiOpsHub/backend/internal/database/database.go:61
[0m[33m[47.038ms] [34;1m[rows:-][0m SELECT * FROM "users" LIMIT 5

2026/06/24 23:16:35 [32m/Users/pengchunhui/code/aiops/AiOpsHub/backend/internal/database/database.go:61
[0m[33m[88.908ms] [34;1m[rows:-][0m SELECT constraint_name FROM information_schema.table_constraints tc JOIN information_schema.constraint_column_usage AS ccu USING (constraint_schema, constraint_catalog, table_name, constraint_name) JOIN information_schema.columns AS c ON c.table_schema = tc.constraint_schema AND tc.table_name = c.table_name AND ccu.column_name = c.column_name WHERE constraint_type IN ('PRIMARY KEY', 'UNIQUE') AND c.table_catalog = 'aiopsdb' AND c.table_schema = CURRENT_SCHEMA() AND c.table_name = 'users' AND constraint_type = 'UNIQUE'

2026/06/24 23:16:35 [32m/Users/pengchunhui/code/aiops/AiOpsHub/backend/internal/database/database.go:61
[0m[33m[53.728ms] [34;1m[rows:-][0m SELECT c.column_name, constraint_name, constraint_type FROM information_schema.table_constraints tc JOIN information_schema.constraint_column_usage AS ccu USING (constraint_schema, constraint_catalog, table_name, constraint_name) JOIN information_schema.columns AS c ON c.table_schema = tc.constraint_schema AND tc.table_name = c.table_name AND ccu.column_name = c.column_name WHERE constraint_type IN ('PRIMARY KEY', 'UNIQUE') AND c.table_catalog = 'aiopsdb' AND c.table_schema = CURRENT_SCHEMA() AND c.table_name = 'users'

2026/06/24 23:16:35 [32m/Users/pengchunhui/code/aiops/AiOpsHub/backend/internal/database/database.go:61
[0m[33m[49.431ms] [34;1m[rows:-][0m SELECT a.attname as column_name, format_type(a.atttypid, a.atttypmod) AS data_type
		FROM pg_attribute a JOIN pg_class b ON a.attrelid = b.oid AND relnamespace = (SELECT oid FROM pg_catalog.pg_namespace WHERE nspname = CURRENT_SCHEMA())
		WHERE a.attnum > 0 -- hide internal columns
		AND NOT a.attisdropped -- hide deleted columns
		AND b.relname = 'users'

2026/06/24 23:16:35 [32m/Users/pengchunhui/code/aiops/AiOpsHub/backend/internal/database/database.go:61
[0m[33m[46.839ms] [34;1m[rows:0][0m SELECT description FROM pg_catalog.pg_description WHERE objsubid = (SELECT ordinal_position FROM information_schema.columns WHERE table_schema = CURRENT_SCHEMA() AND table_name = 'users' AND column_name = 'id') AND objoid = (SELECT oid FROM pg_catalog.pg_class WHERE relname = 'users' AND relnamespace = (SELECT oid FROM pg_catalog.pg_namespace WHERE nspname = CURRENT_SCHEMA()))

2026/06/24 23:16:35 [32m/Users/pengchunhui/code/aiops/AiOpsHub/backend/internal/database/database.go:61
[0m[33m[53.697ms] [34;1m[rows:0][0m SELECT description FROM pg_catalog.pg_description WHERE objsubid = (SELECT ordinal_position FROM information_schema.columns WHERE table_schema = CURRENT_SCHEMA() AND table_name = 'users' AND column_name = 'username') AND objoid = (SELECT oid FROM pg_catalog.pg_class WHERE relname = 'users' AND relnamespace = (SELECT oid FROM pg_catalog.pg_namespace WHERE nspname = CURRENT_SCHEMA()))

2026/06/24 23:16:35 [32m/Users/pengchunhui/code/aiops/AiOpsHub/backend/internal/database/database.go:61
[0m[33m[47.826ms] [34;1m[rows:0][0m SELECT description FROM pg_catalog.pg_description WHERE objsubid = (SELECT ordinal_position FROM information_schema.columns WHERE table_schema = CURRENT_SCHEMA() AND table_name = 'users' AND column_name = 'email') AND objoid = (SELECT oid FROM pg_catalog.pg_class WHERE relname = 'users' AND relnamespace = (SELECT oid FROM pg_catalog.pg_namespace WHERE nspname = CURRENT_SCHEMA()))

2026/06/24 23:16:35 [32m/Users/pengchunhui/code/aiops/AiOpsHub/backend/internal/database/database.go:61
[0m[33m[46.311ms] [34;1m[rows:0][0m SELECT description FROM pg_catalog.pg_description WHERE objsubid = (SELECT ordinal_position FROM information_schema.columns WHERE table_schema = CURRENT_SCHEMA() AND table_name = 'users' AND column_name = 'password') AND objoid = (SELECT oid FROM pg_catalog.pg_class WHERE relname = 'users' AND relnamespace = (SELECT oid FROM pg_catalog.pg_namespace WHERE nspname = CURRENT_SCHEMA()))

2026/06/24 23:16:35 [32m/Users/pengchunhui/code/aiops/AiOpsHub/backend/internal/database/database.go:61
[0m[33m[47.758ms] [34;1m[rows:0][0m SELECT description FROM pg_catalog.pg_description WHERE objsubid = (SELECT ordinal_position FROM information_schema.columns WHERE table_schema = CURRENT_SCHEMA() AND table_name = 'users' AND column_name = 'role') AND objoid = (SELECT oid FROM pg_catalog.pg_class WHERE relname = 'users' AND relnamespace = (SELECT oid FROM pg_catalog.pg_namespace WHERE nspname = CURRENT_SCHEMA()))

2026/06/24 23:16:36 [32m/Users/pengchunhui/code/aiops/AiOpsHub/backend/internal/database/database.go:61
[0m[33m[60.502ms] [34;1m[rows:0][0m SELECT description FROM pg_catalog.pg_description WHERE objsubid = (SELECT ordinal_position FROM information_schema.columns WHERE table_schema = CURRENT_SCHEMA() AND table_name = 'users' AND column_name = 'created_at') AND objoid = (SELECT oid FROM pg_catalog.pg_class WHERE relname = 'users' AND relnamespace = (SELECT oid FROM pg_catalog.pg_namespace WHERE nspname = CURRENT_SCHEMA()))

2026/06/24 23:16:36 [32m/Users/pengchunhui/code/aiops/AiOpsHub/backend/internal/database/database.go:61
[0m[33m[47.656ms] [34;1m[rows:0][0m SELECT description FROM pg_catalog.pg_description WHERE objsubid = (SELECT ordinal_position FROM information_schema.columns WHERE table_schema = CURRENT_SCHEMA() AND table_name = 'users' AND column_name = 'updated_at') AND objoid = (SELECT oid FROM pg_catalog.pg_class WHERE relname = 'users' AND relnamespace = (SELECT oid FROM pg_catalog.pg_namespace WHERE nspname = CURRENT_SCHEMA()))

2026/06/24 23:16:36 [32m/Users/pengchunhui/code/aiops/AiOpsHub/backend/internal/database/database.go:61
[0m[33m[60.193ms] [34;1m[rows:1][0m SELECT count(*) FROM information_schema.tables WHERE table_schema = CURRENT_SCHEMA() AND table_name = 'tools' AND table_type = 'BASE TABLE'

2026/06/24 23:16:36 [32m/Users/pengchunhui/code/aiops/AiOpsHub/backend/internal/database/database.go:61
[0m[33m[57.575ms] [34;1m[rows:1][0m SELECT CURRENT_DATABASE()

2026/06/24 23:16:36 [32m/Users/pengchunhui/code/aiops/AiOpsHub/backend/internal/database/database.go:61
[0m[33m[60.449ms] [34;1m[rows:-][0m SELECT c.column_name, c.is_nullable = 'YES', c.udt_name, c.character_maximum_length, c.numeric_precision, c.numeric_precision_radix, c.numeric_scale, c.datetime_precision, 8 * typlen, c.column_default, pd.description, c.identity_increment FROM information_schema.columns AS c JOIN pg_type AS pgt ON c.udt_name = pgt.typname LEFT JOIN pg_catalog.pg_description as pd ON pd.objsubid = c.ordinal_position AND pd.objoid = (SELECT oid FROM pg_catalog.pg_class WHERE relname = c.table_name AND relnamespace = (SELECT oid FROM pg_catalog.pg_namespace WHERE nspname = c.table_schema)) where table_catalog = 'aiopsdb' AND table_schema = CURRENT_SCHEMA() AND table_name = 'tools'

2026/06/24 23:16:36 [32m/Users/pengchunhui/code/aiops/AiOpsHub/backend/internal/database/database.go:61
[0m[33m[39.280ms] [34;1m[rows:-][0m SELECT * FROM "tools" LIMIT 5

2026/06/24 23:16:36 [32m/Users/pengchunhui/code/aiops/AiOpsHub/backend/internal/database/database.go:61
[0m[33m[44.443ms] [34;1m[rows:-][0m SELECT constraint_name FROM information_schema.table_constraints tc JOIN information_schema.constraint_column_usage AS ccu USING (constraint_schema, constraint_catalog, table_name, constraint_name) JOIN information_schema.columns AS c ON c.table_schema = tc.constraint_schema AND tc.table_name = c.table_name AND ccu.column_name = c.column_name WHERE constraint_type IN ('PRIMARY KEY', 'UNIQUE') AND c.table_catalog = 'aiopsdb' AND c.table_schema = CURRENT_SCHEMA() AND c.table_name = 'tools' AND constraint_type = 'UNIQUE'

2026/06/24 23:16:36 [32m/Users/pengchunhui/code/aiops/AiOpsHub/backend/internal/database/database.go:61
[0m[33m[46.806ms] [34;1m[rows:-][0m SELECT c.column_name, constraint_name, constraint_type FROM information_schema.table_constraints tc JOIN information_schema.constraint_column_usage AS ccu USING (constraint_schema, constraint_catalog, table_name, constraint_name) JOIN information_schema.columns AS c ON c.table_schema = tc.constraint_schema AND tc.table_name = c.table_name AND ccu.column_name = c.column_name WHERE constraint_type IN ('PRIMARY KEY', 'UNIQUE') AND c.table_catalog = 'aiopsdb' AND c.table_schema = CURRENT_SCHEMA() AND c.table_name = 'tools'

2026/06/24 23:16:36 [32m/Users/pengchunhui/code/aiops/AiOpsHub/backend/internal/database/database.go:61
[0m[33m[43.728ms] [34;1m[rows:-][0m SELECT a.attname as column_name, format_type(a.atttypid, a.atttypmod) AS data_type
		FROM pg_attribute a JOIN pg_class b ON a.attrelid = b.oid AND relnamespace = (SELECT oid FROM pg_catalog.pg_namespace WHERE nspname = CURRENT_SCHEMA())
		WHERE a.attnum > 0 -- hide internal columns
		AND NOT a.attisdropped -- hide deleted columns
		AND b.relname = 'tools'

2026/06/24 23:16:36 [32m/Users/pengchunhui/code/aiops/AiOpsHub/backend/internal/database/database.go:61
[0m[33m[51.496ms] [34;1m[rows:0][0m SELECT description FROM pg_catalog.pg_description WHERE objsubid = (SELECT ordinal_position FROM information_schema.columns WHERE table_schema = CURRENT_SCHEMA() AND table_name = 'tools' AND column_name = 'id') AND objoid = (SELECT oid FROM pg_catalog.pg_class WHERE relname = 'tools' AND relnamespace = (SELECT oid FROM pg_catalog.pg_namespace WHERE nspname = CURRENT_SCHEMA()))

2026/06/24 23:16:36 [32m/Users/pengchunhui/code/aiops/AiOpsHub/backend/internal/database/database.go:61
[0m[33m[61.056ms] [34;1m[rows:0][0m SELECT description FROM pg_catalog.pg_description WHERE objsubid = (SELECT ordinal_position FROM information_schema.columns WHERE table_schema = CURRENT_SCHEMA() AND table_name = 'tools' AND column_name = 'name') AND objoid = (SELECT oid FROM pg_catalog.pg_class WHERE relname = 'tools' AND relnamespace = (SELECT oid FROM pg_catalog.pg_namespace WHERE nspname = CURRENT_SCHEMA()))

2026/06/24 23:16:36 [32m/Users/pengchunhui/code/aiops/AiOpsHub/backend/internal/database/database.go:61
[0m[33m[44.803ms] [34;1m[rows:0][0m SELECT description FROM pg_catalog.pg_description WHERE objsubid = (SELECT ordinal_position FROM information_schema.columns WHERE table_schema = CURRENT_SCHEMA() AND table_name = 'tools' AND column_name = 'type') AND objoid = (SELECT oid FROM pg_catalog.pg_class WHERE relname = 'tools' AND relnamespace = (SELECT oid FROM pg_catalog.pg_namespace WHERE nspname = CURRENT_SCHEMA()))

2026/06/24 23:16:36 [32m/Users/pengchunhui/code/aiops/AiOpsHub/backend/internal/database/database.go:61
[0m[33m[46.691ms] [34;1m[rows:0][0m SELECT description FROM pg_catalog.pg_description WHERE objsubid = (SELECT ordinal_position FROM information_schema.columns WHERE table_schema = CURRENT_SCHEMA() AND table_name = 'tools' AND column_name = 'description') AND objoid = (SELECT oid FROM pg_catalog.pg_class WHERE relname = 'tools' AND relnamespace = (SELECT oid FROM pg_catalog.pg_namespace WHERE nspname = CURRENT_SCHEMA()))

2026/06/24 23:16:36 [32m/Users/pengchunhui/code/aiops/AiOpsHub/backend/internal/database/database.go:61
[0m[33m[47.764ms] [34;1m[rows:0][0m SELECT description FROM pg_catalog.pg_description WHERE objsubid = (SELECT ordinal_position FROM information_schema.columns WHERE table_schema = CURRENT_SCHEMA() AND table_name = 'tools' AND column_name = 'config') AND objoid = (SELECT oid FROM pg_catalog.pg_class WHERE relname = 'tools' AND relnamespace = (SELECT oid FROM pg_catalog.pg_namespace WHERE nspname = CURRENT_SCHEMA()))

2026/06/24 23:16:36 [32m/Users/pengchunhui/code/aiops/AiOpsHub/backend/internal/database/database.go:61
[0m[33m[51.449ms] [34;1m[rows:0][0m SELECT description FROM pg_catalog.pg_description WHERE objsubid = (SELECT ordinal_position FROM information_schema.columns WHERE table_schema = CURRENT_SCHEMA() AND table_name = 'tools' AND column_name = 'status') AND objoid = (SELECT oid FROM pg_catalog.pg_class WHERE relname = 'tools' AND relnamespace = (SELECT oid FROM pg_catalog.pg_namespace WHERE nspname = CURRENT_SCHEMA()))

2026/06/24 23:16:36 [32m/Users/pengchunhui/code/aiops/AiOpsHub/backend/internal/database/database.go:61
[0m[33m[58.026ms] [34;1m[rows:0][0m SELECT description FROM pg_catalog.pg_description WHERE objsubid = (SELECT ordinal_position FROM information_schema.columns WHERE table_schema = CURRENT_SCHEMA() AND table_name = 'tools' AND column_name = 'created_at') AND objoid = (SELECT oid FROM pg_catalog.pg_class WHERE relname = 'tools' AND relnamespace = (SELECT oid FROM pg_catalog.pg_namespace WHERE nspname = CURRENT_SCHEMA()))

2026/06/24 23:16:36 [32m/Users/pengchunhui/code/aiops/AiOpsHub/backend/internal/database/database.go:61
[0m[33m[47.093ms] [34;1m[rows:0][0m SELECT description FROM pg_catalog.pg_description WHERE objsubid = (SELECT ordinal_position FROM information_schema.columns WHERE table_schema = CURRENT_SCHEMA() AND table_name = 'tools' AND column_name = 'updated_at') AND objoid = (SELECT oid FROM pg_catalog.pg_class WHERE relname = 'tools' AND relnamespace = (SELECT oid FROM pg_catalog.pg_namespace WHERE nspname = CURRENT_SCHEMA()))
2026-06-24T23:16:36.843+0800	[34mINFO[0m	logger/logger.go:61	Database connected and migrated successfully
2026-06-24T23:16:37.140+0800	[34mINFO[0m	logger/logger.go:61	Redis connected successfully
2026/06/24 23:16:37 INFO  No logger configured for temporal client. Created default one.
2026-06-24T23:16:37.376+0800	[34mINFO[0m	logger/logger.go:61	Temporal client connected: 192.168.100.10:7233
2026-06-24T23:16:37.376+0800	[34mINFO[0m	logger/logger.go:61	Workflow client initialized
[GIN-debug] [WARNING] Running in "debug" mode. Switch to "release" mode in production.
 - using env:	export GIN_MODE=release
 - using code:	gin.SetMode(gin.ReleaseMode)

[GIN-debug] GET    /health                   --> main.registerRoutes.func1 (6 handlers)
[GIN-debug] GET    /test/db                  --> github.com/aiops/AiOpsHub/backend/internal/handler.TestDB (6 handlers)
[GIN-debug] POST   /test/user                --> github.com/aiops/AiOpsHub/backend/internal/handler.TestCreateUser (6 handlers)
[GIN-debug] POST   /api/v1/auth/login        --> github.com/aiops/AiOpsHub/backend/internal/handler.Login (6 handlers)
[GIN-debug] POST   /api/v1/auth/logout       --> github.com/aiops/AiOpsHub/backend/internal/handler.Logout (6 handlers)
[GIN-debug] POST   /api/v1/auth/register     --> github.com/aiops/AiOpsHub/backend/internal/handler.Register (6 handlers)
[GIN-debug] GET    /api/v1/agents            --> github.com/aiops/AiOpsHub/backend/internal/handler.ListAgents (7 handlers)
[GIN-debug] GET    /api/v1/agents/:id        --> github.com/aiops/AiOpsHub/backend/internal/handler.GetAgent (7 handlers)
[GIN-debug] POST   /api/v1/agents            --> github.com/aiops/AiOpsHub/backend/internal/handler.CreateAgent (7 handlers)
[GIN-debug] PUT    /api/v1/agents/:id        --> github.com/aiops/AiOpsHub/backend/internal/handler.UpdateAgent (7 handlers)
[GIN-debug] DELETE /api/v1/agents/:id        --> github.com/aiops/AiOpsHub/backend/internal/handler.DeleteAgent (7 handlers)
[GIN-debug] GET    /api/v1/agents/:id/config --> github.com/aiops/AiOpsHub/backend/internal/handler.GetAgentConfig (7 handlers)
[GIN-debug] PUT    /api/v1/agents/:id/config --> github.com/aiops/AiOpsHub/backend/internal/handler.UpdateAgentConfig (7 handlers)
[GIN-debug] GET    /api/v1/workflows         --> github.com/aiops/AiOpsHub/backend/internal/handler.ListWorkflows (7 handlers)
[GIN-debug] GET    /api/v1/workflows/:id     --> github.com/aiops/AiOpsHub/backend/internal/handler.GetWorkflow (7 handlers)
[GIN-debug] POST   /api/v1/workflows         --> github.com/aiops/AiOpsHub/backend/internal/handler.CreateWorkflow (7 handlers)
[GIN-debug] PUT    /api/v1/workflows/:id     --> github.com/aiops/AiOpsHub/backend/internal/handler.UpdateWorkflow (7 handlers)
[GIN-debug] DELETE /api/v1/workflows/:id     --> github.com/aiops/AiOpsHub/backend/internal/handler.DeleteWorkflow (7 handlers)
[GIN-debug] POST   /api/v1/workflows/execute --> github.com/aiops/AiOpsHub/backend/internal/handler.ExecuteAgentWorkflow (7 handlers)
[GIN-debug] GET    /api/v1/workflows/:id/status --> github.com/aiops/AiOpsHub/backend/internal/handler.GetWorkflowStatus (7 handlers)
[GIN-debug] GET    /api/v1/workflows/:id/result --> github.com/aiops/AiOpsHub/backend/internal/handler.GetWorkflowResult (7 handlers)
[GIN-debug] GET    /api/v1/workflows/:id/executions --> github.com/aiops/AiOpsHub/backend/internal/handler.ListExecutions (7 handlers)
[GIN-debug] GET    /api/v1/workflows/executions/:execution_id --> github.com/aiops/AiOpsHub/backend/internal/handler.GetExecution (7 handlers)
[GIN-debug] GET    /api/v1/workflows/executions/:execution_id/status --> github.com/aiops/AiOpsHub/backend/internal/handler.GetExecutionStatus (7 handlers)
[GIN-debug] GET    /api/v1/knowledge         --> github.com/aiops/AiOpsHub/backend/internal/handler.ListKnowledge (7 handlers)
[GIN-debug] GET    /api/v1/knowledge/:id     --> github.com/aiops/AiOpsHub/backend/internal/handler.GetKnowledge (7 handlers)
[GIN-debug] POST   /api/v1/knowledge         --> github.com/aiops/AiOpsHub/backend/internal/handler.CreateKnowledge (7 handlers)
[GIN-debug] PUT    /api/v1/knowledge/:id     --> github.com/aiops/AiOpsHub/backend/internal/handler.UpdateKnowledge (7 handlers)
[GIN-debug] DELETE /api/v1/knowledge/:id     --> github.com/aiops/AiOpsHub/backend/internal/handler.DeleteKnowledge (7 handlers)
[GIN-debug] POST   /api/v1/knowledge/search  --> github.com/aiops/AiOpsHub/backend/internal/handler.SearchKnowledge (7 handlers)
[GIN-debug] GET    /api/v1/datasources       --> github.com/aiops/AiOpsHub/backend/internal/handler.ListDatasources (7 handlers)
[GIN-debug] GET    /api/v1/datasources/:id   --> github.com/aiops/AiOpsHub/backend/internal/handler.GetDatasource (7 handlers)
[GIN-debug] POST   /api/v1/datasources       --> github.com/aiops/AiOpsHub/backend/internal/handler.CreateDatasource (7 handlers)
[GIN-debug] PUT    /api/v1/datasources/:id   --> github.com/aiops/AiOpsHub/backend/internal/handler.UpdateDatasource (7 handlers)
[GIN-debug] DELETE /api/v1/datasources/:id   --> github.com/aiops/AiOpsHub/backend/internal/handler.DeleteDatasource (7 handlers)
[GIN-debug] POST   /api/v1/datasources/:id/test --> github.com/aiops/AiOpsHub/backend/internal/handler.TestDatasource (7 handlers)
[GIN-debug] GET    /api/v1/alerts            --> github.com/aiops/AiOpsHub/backend/internal/handler.ListAlerts (7 handlers)
[GIN-debug] GET    /api/v1/alerts/:id        --> github.com/aiops/AiOpsHub/backend/internal/handler.GetAlert (7 handlers)
[GIN-debug] POST   /api/v1/alerts            --> github.com/aiops/AiOpsHub/backend/internal/handler.CreateAlert (7 handlers)
[GIN-debug] POST   /api/v1/alerts/webhook    --> github.com/aiops/AiOpsHub/backend/internal/handler.AlertWebhook (7 handlers)
[GIN-debug] GET    /api/v1/alerts/rules      --> github.com/aiops/AiOpsHub/backend/internal/handler.ListAlertRules (7 handlers)
[GIN-debug] POST   /api/v1/alerts/rules      --> github.com/aiops/AiOpsHub/backend/internal/handler.CreateAlertRule (7 handlers)
[GIN-debug] PUT    /api/v1/alerts/rules/:id  --> github.com/aiops/AiOpsHub/backend/internal/handler.UpdateAlertRule (7 handlers)
[GIN-debug] DELETE /api/v1/alerts/rules/:id  --> github.com/aiops/AiOpsHub/backend/internal/handler.DeleteAlertRule (7 handlers)
[GIN-debug] GET    /api/v1/tools             --> github.com/aiops/AiOpsHub/backend/internal/handler.ListTools (7 handlers)
[GIN-debug] GET    /api/v1/tools/:id         --> github.com/aiops/AiOpsHub/backend/internal/handler.GetTool (7 handlers)
[GIN-debug] POST   /api/v1/tools/:id/execute --> github.com/aiops/AiOpsHub/backend/internal/handler.ExecuteTool (7 handlers)
[GIN-debug] GET    /api/v1/ai-agents         --> github.com/aiops/AiOpsHub/backend/internal/handler.ListAIAgents (7 handlers)
[GIN-debug] POST   /api/v1/ai-agents         --> github.com/aiops/AiOpsHub/backend/internal/handler.CreateAIAgent (7 handlers)
[GIN-debug] GET    /api/v1/ai-agents/:id     --> github.com/aiops/AiOpsHub/backend/internal/handler.GetAIAgent (7 handlers)
[GIN-debug] POST   /api/v1/ai-agents/:id/execute --> github.com/aiops/AiOpsHub/backend/internal/handler.ExecuteAIAgent (7 handlers)
[GIN-debug] GET    /api/v1/monitor/stats     --> github.com/aiops/AiOpsHub/backend/internal/handler.GetStats (7 handlers)
[GIN-debug] GET    /api/v1/monitor/tokens    --> github.com/aiops/AiOpsHub/backend/internal/handler.GetTokenStats (7 handlers)
[GIN-debug] GET    /api/v1/monitor/cost      --> github.com/aiops/AiOpsHub/backend/internal/handler.GetCostStats (7 handlers)
[GIN-debug] GET    /api/v1/monitor/performance --> github.com/aiops/AiOpsHub/backend/internal/handler.GetPerformance (7 handlers)
[GIN-debug] GET    /api/v1/users             --> github.com/aiops/AiOpsHub/backend/internal/handler.ListUsers (8 handlers)
[GIN-debug] GET    /api/v1/users/:id         --> github.com/aiops/AiOpsHub/backend/internal/handler.GetUser (8 handlers)
[GIN-debug] PUT    /api/v1/users/:id         --> github.com/aiops/AiOpsHub/backend/internal/handler.UpdateUser (8 handlers)
[GIN-debug] DELETE /api/v1/users/:id         --> github.com/aiops/AiOpsHub/backend/internal/handler.DeleteUser (8 handlers)
2026-06-24T23:16:37.377+0800	[34mINFO[0m	logger/logger.go:61	API Server started on port 8080

2026/06/24 23:16:50 [32m/Users/pengchunhui/code/aiops/AiOpsHub/backend/internal/repository/user_repo.go:32
[0m[33m[172.101ms] [34;1m[rows:1][0m SELECT * FROM "users" WHERE username = 'admin' ORDER BY "users"."id" LIMIT 1
Failed to generate token: failed to store token in Redis: MOVED 12594 192.168.100.115:6379
[GIN] 2026/06/24 - 23:16:50 | 500 |  279.358625ms |             ::1 | POST     "/api/v1/auth/login"

2026/06/24 23:16:56 [32m/Users/pengchunhui/code/aiops/AiOpsHub/backend/internal/repository/user_repo.go:32
[0m[33m[178.719ms] [34;1m[rows:1][0m SELECT * FROM "users" WHERE username = 'admin' ORDER BY "users"."id" LIMIT 1
Failed to generate token: failed to store token in Redis: MOVED 2686 192.168.100.113:6379
[GIN] 2026/06/24 - 23:16:56 | 500 |    306.4085ms |             ::1 | POST     "/api/v1/auth/login"

2026/06/24 23:16:57 [32m/Users/pengchunhui/code/aiops/AiOpsHub/backend/internal/repository/user_repo.go:32
[0m[33m[96.362ms] [34;1m[rows:1][0m SELECT * FROM "users" WHERE username = 'admin' ORDER BY "users"."id" LIMIT 1
Failed to generate token: failed to store token in Redis: MOVED 14341 192.168.100.115:6379
[GIN] 2026/06/24 - 23:16:57 | 500 |  220.402458ms |             ::1 | POST     "/api/v1/auth/login"

2026/06/24 23:16:59 [32m/Users/pengchunhui/code/aiops/AiOpsHub/backend/internal/repository/user_repo.go:32
[0m[33m[92.360ms] [34;1m[rows:1][0m SELECT * FROM "users" WHERE username = 'admin' ORDER BY "users"."id" LIMIT 1
Failed to generate token: failed to store token in Redis: MOVED 15401 192.168.100.115:6379
[GIN] 2026/06/24 - 23:16:59 | 500 |  222.848417ms |             ::1 | POST     "/api/v1/auth/login"

2026/06/24 23:17:00 [32m/Users/pengchunhui/code/aiops/AiOpsHub/backend/internal/repository/user_repo.go:32
[0m[33m[143.097ms] [34;1m[rows:1][0m SELECT * FROM "users" WHERE username = 'admin' ORDER BY "users"."id" LIMIT 1
Failed to generate token: failed to store token in Redis: MOVED 1557 192.168.100.113:6379
[GIN] 2026/06/24 - 23:17:00 | 500 |  275.479625ms |             ::1 | POST     "/api/v1/auth/login"
