
2026/06/24 23:14:22 [32m/Users/pengchunhui/code/aiops/AiOpsHub/backend/internal/database/database.go:61 [33mSLOW SQL >= 200ms
[0m[31;1m[208.352ms] [33m[rows:1][35m SELECT count(*) FROM information_schema.tables WHERE table_schema = CURRENT_SCHEMA() AND table_name = 'agents' AND table_type = 'BASE TABLE'[0m

2026/06/24 23:14:22 [32m/Users/pengchunhui/code/aiops/AiOpsHub/backend/internal/database/database.go:61
[0m[33m[110.395ms] [34;1m[rows:1][0m SELECT CURRENT_DATABASE()

2026/06/24 23:14:22 [32m/Users/pengchunhui/code/aiops/AiOpsHub/backend/internal/database/database.go:61
[0m[33m[126.415ms] [34;1m[rows:-][0m SELECT c.column_name, c.is_nullable = 'YES', c.udt_name, c.character_maximum_length, c.numeric_precision, c.numeric_precision_radix, c.numeric_scale, c.datetime_precision, 8 * typlen, c.column_default, pd.description, c.identity_increment FROM information_schema.columns AS c JOIN pg_type AS pgt ON c.udt_name = pgt.typname LEFT JOIN pg_catalog.pg_description as pd ON pd.objsubid = c.ordinal_position AND pd.objoid = (SELECT oid FROM pg_catalog.pg_class WHERE relname = c.table_name AND relnamespace = (SELECT oid FROM pg_catalog.pg_namespace WHERE nspname = c.table_schema)) where table_catalog = 'aiopsdb' AND table_schema = CURRENT_SCHEMA() AND table_name = 'agents'

2026/06/24 23:14:22 [32m/Users/pengchunhui/code/aiops/AiOpsHub/backend/internal/database/database.go:61
[0m[33m[81.788ms] [34;1m[rows:-][0m SELECT * FROM "agents" LIMIT 5

2026/06/24 23:14:22 [32m/Users/pengchunhui/code/aiops/AiOpsHub/backend/internal/database/database.go:61
[0m[33m[133.592ms] [34;1m[rows:-][0m SELECT constraint_name FROM information_schema.table_constraints tc JOIN information_schema.constraint_column_usage AS ccu USING (constraint_schema, constraint_catalog, table_name, constraint_name) JOIN information_schema.columns AS c ON c.table_schema = tc.constraint_schema AND tc.table_name = c.table_name AND ccu.column_name = c.column_name WHERE constraint_type IN ('PRIMARY KEY', 'UNIQUE') AND c.table_catalog = 'aiopsdb' AND c.table_schema = CURRENT_SCHEMA() AND c.table_name = 'agents' AND constraint_type = 'UNIQUE'

2026/06/24 23:14:22 [32m/Users/pengchunhui/code/aiops/AiOpsHub/backend/internal/database/database.go:61
[0m[33m[107.442ms] [34;1m[rows:-][0m SELECT c.column_name, constraint_name, constraint_type FROM information_schema.table_constraints tc JOIN information_schema.constraint_column_usage AS ccu USING (constraint_schema, constraint_catalog, table_name, constraint_name) JOIN information_schema.columns AS c ON c.table_schema = tc.constraint_schema AND tc.table_name = c.table_name AND ccu.column_name = c.column_name WHERE constraint_type IN ('PRIMARY KEY', 'UNIQUE') AND c.table_catalog = 'aiopsdb' AND c.table_schema = CURRENT_SCHEMA() AND c.table_name = 'agents'

2026/06/24 23:14:22 [32m/Users/pengchunhui/code/aiops/AiOpsHub/backend/internal/database/database.go:61
[0m[33m[109.326ms] [34;1m[rows:-][0m SELECT a.attname as column_name, format_type(a.atttypid, a.atttypmod) AS data_type
		FROM pg_attribute a JOIN pg_class b ON a.attrelid = b.oid AND relnamespace = (SELECT oid FROM pg_catalog.pg_namespace WHERE nspname = CURRENT_SCHEMA())
		WHERE a.attnum > 0 -- hide internal columns
		AND NOT a.attisdropped -- hide deleted columns
		AND b.relname = 'agents'

2026/06/24 23:14:22 [32m/Users/pengchunhui/code/aiops/AiOpsHub/backend/internal/database/database.go:61
[0m[33m[118.561ms] [34;1m[rows:0][0m SELECT description FROM pg_catalog.pg_description WHERE objsubid = (SELECT ordinal_position FROM information_schema.columns WHERE table_schema = CURRENT_SCHEMA() AND table_name = 'agents' AND column_name = 'id') AND objoid = (SELECT oid FROM pg_catalog.pg_class WHERE relname = 'agents' AND relnamespace = (SELECT oid FROM pg_catalog.pg_namespace WHERE nspname = CURRENT_SCHEMA()))

2026/06/24 23:14:23 [32m/Users/pengchunhui/code/aiops/AiOpsHub/backend/internal/database/database.go:61
[0m[33m[55.325ms] [34;1m[rows:0][0m SELECT description FROM pg_catalog.pg_description WHERE objsubid = (SELECT ordinal_position FROM information_schema.columns WHERE table_schema = CURRENT_SCHEMA() AND table_name = 'agents' AND column_name = 'name') AND objoid = (SELECT oid FROM pg_catalog.pg_class WHERE relname = 'agents' AND relnamespace = (SELECT oid FROM pg_catalog.pg_namespace WHERE nspname = CURRENT_SCHEMA()))

2026/06/24 23:14:23 [32m/Users/pengchunhui/code/aiops/AiOpsHub/backend/internal/database/database.go:61
[0m[33m[53.664ms] [34;1m[rows:0][0m SELECT description FROM pg_catalog.pg_description WHERE objsubid = (SELECT ordinal_position FROM information_schema.columns WHERE table_schema = CURRENT_SCHEMA() AND table_name = 'agents' AND column_name = 'type') AND objoid = (SELECT oid FROM pg_catalog.pg_class WHERE relname = 'agents' AND relnamespace = (SELECT oid FROM pg_catalog.pg_namespace WHERE nspname = CURRENT_SCHEMA()))

2026/06/24 23:14:23 [32m/Users/pengchunhui/code/aiops/AiOpsHub/backend/internal/database/database.go:61
[0m[33m[71.342ms] [34;1m[rows:0][0m SELECT description FROM pg_catalog.pg_description WHERE objsubid = (SELECT ordinal_position FROM information_schema.columns WHERE table_schema = CURRENT_SCHEMA() AND table_name = 'agents' AND column_name = 'description') AND objoid = (SELECT oid FROM pg_catalog.pg_class WHERE relname = 'agents' AND relnamespace = (SELECT oid FROM pg_catalog.pg_namespace WHERE nspname = CURRENT_SCHEMA()))

2026/06/24 23:14:23 [32m/Users/pengchunhui/code/aiops/AiOpsHub/backend/internal/database/database.go:61
[0m[33m[53.927ms] [34;1m[rows:0][0m SELECT description FROM pg_catalog.pg_description WHERE objsubid = (SELECT ordinal_position FROM information_schema.columns WHERE table_schema = CURRENT_SCHEMA() AND table_name = 'agents' AND column_name = 'config') AND objoid = (SELECT oid FROM pg_catalog.pg_class WHERE relname = 'agents' AND relnamespace = (SELECT oid FROM pg_catalog.pg_namespace WHERE nspname = CURRENT_SCHEMA()))

2026/06/24 23:14:23 [32m/Users/pengchunhui/code/aiops/AiOpsHub/backend/internal/database/database.go:61
[0m[33m[51.243ms] [34;1m[rows:0][0m SELECT description FROM pg_catalog.pg_description WHERE objsubid = (SELECT ordinal_position FROM information_schema.columns WHERE table_schema = CURRENT_SCHEMA() AND table_name = 'agents' AND column_name = 'status') AND objoid = (SELECT oid FROM pg_catalog.pg_class WHERE relname = 'agents' AND relnamespace = (SELECT oid FROM pg_catalog.pg_namespace WHERE nspname = CURRENT_SCHEMA()))

2026/06/24 23:14:23 [32m/Users/pengchunhui/code/aiops/AiOpsHub/backend/internal/database/database.go:61
[0m[33m[66.227ms] [34;1m[rows:0][0m SELECT description FROM pg_catalog.pg_description WHERE objsubid = (SELECT ordinal_position FROM information_schema.columns WHERE table_schema = CURRENT_SCHEMA() AND table_name = 'agents' AND column_name = 'created_at') AND objoid = (SELECT oid FROM pg_catalog.pg_class WHERE relname = 'agents' AND relnamespace = (SELECT oid FROM pg_catalog.pg_namespace WHERE nspname = CURRENT_SCHEMA()))

2026/06/24 23:14:23 [32m/Users/pengchunhui/code/aiops/AiOpsHub/backend/internal/database/database.go:61
[0m[33m[54.296ms] [34;1m[rows:0][0m SELECT description FROM pg_catalog.pg_description WHERE objsubid = (SELECT ordinal_position FROM information_schema.columns WHERE table_schema = CURRENT_SCHEMA() AND table_name = 'agents' AND column_name = 'updated_at') AND objoid = (SELECT oid FROM pg_catalog.pg_class WHERE relname = 'agents' AND relnamespace = (SELECT oid FROM pg_catalog.pg_namespace WHERE nspname = CURRENT_SCHEMA()))

2026/06/24 23:14:23 [32m/Users/pengchunhui/code/aiops/AiOpsHub/backend/internal/database/database.go:61
[0m[33m[74.200ms] [34;1m[rows:1][0m SELECT count(*) FROM information_schema.tables WHERE table_schema = CURRENT_SCHEMA() AND table_name = 'workflows' AND table_type = 'BASE TABLE'

2026/06/24 23:14:23 [32m/Users/pengchunhui/code/aiops/AiOpsHub/backend/internal/database/database.go:61
[0m[33m[47.917ms] [34;1m[rows:1][0m SELECT CURRENT_DATABASE()

2026/06/24 23:14:23 [32m/Users/pengchunhui/code/aiops/AiOpsHub/backend/internal/database/database.go:61
[0m[33m[76.085ms] [34;1m[rows:-][0m SELECT c.column_name, c.is_nullable = 'YES', c.udt_name, c.character_maximum_length, c.numeric_precision, c.numeric_precision_radix, c.numeric_scale, c.datetime_precision, 8 * typlen, c.column_default, pd.description, c.identity_increment FROM information_schema.columns AS c JOIN pg_type AS pgt ON c.udt_name = pgt.typname LEFT JOIN pg_catalog.pg_description as pd ON pd.objsubid = c.ordinal_position AND pd.objoid = (SELECT oid FROM pg_catalog.pg_class WHERE relname = c.table_name AND relnamespace = (SELECT oid FROM pg_catalog.pg_namespace WHERE nspname = c.table_schema)) where table_catalog = 'aiopsdb' AND table_schema = CURRENT_SCHEMA() AND table_name = 'workflows'

2026/06/24 23:14:23 [32m/Users/pengchunhui/code/aiops/AiOpsHub/backend/internal/database/database.go:61
[0m[33m[41.004ms] [34;1m[rows:-][0m SELECT * FROM "workflows" LIMIT 5

2026/06/24 23:14:23 [32m/Users/pengchunhui/code/aiops/AiOpsHub/backend/internal/database/database.go:61
[0m[33m[60.395ms] [34;1m[rows:-][0m SELECT constraint_name FROM information_schema.table_constraints tc JOIN information_schema.constraint_column_usage AS ccu USING (constraint_schema, constraint_catalog, table_name, constraint_name) JOIN information_schema.columns AS c ON c.table_schema = tc.constraint_schema AND tc.table_name = c.table_name AND ccu.column_name = c.column_name WHERE constraint_type IN ('PRIMARY KEY', 'UNIQUE') AND c.table_catalog = 'aiopsdb' AND c.table_schema = CURRENT_SCHEMA() AND c.table_name = 'workflows' AND constraint_type = 'UNIQUE'

2026/06/24 23:14:23 [32m/Users/pengchunhui/code/aiops/AiOpsHub/backend/internal/database/database.go:61
[0m[33m[79.261ms] [34;1m[rows:-][0m SELECT c.column_name, constraint_name, constraint_type FROM information_schema.table_constraints tc JOIN information_schema.constraint_column_usage AS ccu USING (constraint_schema, constraint_catalog, table_name, constraint_name) JOIN information_schema.columns AS c ON c.table_schema = tc.constraint_schema AND tc.table_name = c.table_name AND ccu.column_name = c.column_name WHERE constraint_type IN ('PRIMARY KEY', 'UNIQUE') AND c.table_catalog = 'aiopsdb' AND c.table_schema = CURRENT_SCHEMA() AND c.table_name = 'workflows'

2026/06/24 23:14:23 [32m/Users/pengchunhui/code/aiops/AiOpsHub/backend/internal/database/database.go:61
[0m[33m[56.108ms] [34;1m[rows:-][0m SELECT a.attname as column_name, format_type(a.atttypid, a.atttypmod) AS data_type
		FROM pg_attribute a JOIN pg_class b ON a.attrelid = b.oid AND relnamespace = (SELECT oid FROM pg_catalog.pg_namespace WHERE nspname = CURRENT_SCHEMA())
		WHERE a.attnum > 0 -- hide internal columns
		AND NOT a.attisdropped -- hide deleted columns
		AND b.relname = 'workflows'

2026/06/24 23:14:23 [32m/Users/pengchunhui/code/aiops/AiOpsHub/backend/internal/database/database.go:61
[0m[33m[45.902ms] [34;1m[rows:0][0m SELECT description FROM pg_catalog.pg_description WHERE objsubid = (SELECT ordinal_position FROM information_schema.columns WHERE table_schema = CURRENT_SCHEMA() AND table_name = 'workflows' AND column_name = 'id') AND objoid = (SELECT oid FROM pg_catalog.pg_class WHERE relname = 'workflows' AND relnamespace = (SELECT oid FROM pg_catalog.pg_namespace WHERE nspname = CURRENT_SCHEMA()))

2026/06/24 23:14:23 [32m/Users/pengchunhui/code/aiops/AiOpsHub/backend/internal/database/database.go:61
[0m[33m[53.965ms] [34;1m[rows:0][0m SELECT description FROM pg_catalog.pg_description WHERE objsubid = (SELECT ordinal_position FROM information_schema.columns WHERE table_schema = CURRENT_SCHEMA() AND table_name = 'workflows' AND column_name = 'name') AND objoid = (SELECT oid FROM pg_catalog.pg_class WHERE relname = 'workflows' AND relnamespace = (SELECT oid FROM pg_catalog.pg_namespace WHERE nspname = CURRENT_SCHEMA()))

2026/06/24 23:14:23 [32m/Users/pengchunhui/code/aiops/AiOpsHub/backend/internal/database/database.go:61
[0m[33m[89.822ms] [34;1m[rows:0][0m SELECT description FROM pg_catalog.pg_description WHERE objsubid = (SELECT ordinal_position FROM information_schema.columns WHERE table_schema = CURRENT_SCHEMA() AND table_name = 'workflows' AND column_name = 'description') AND objoid = (SELECT oid FROM pg_catalog.pg_class WHERE relname = 'workflows' AND relnamespace = (SELECT oid FROM pg_catalog.pg_namespace WHERE nspname = CURRENT_SCHEMA()))

2026/06/24 23:14:24 [32m/Users/pengchunhui/code/aiops/AiOpsHub/backend/internal/database/database.go:61
[0m[33m[62.204ms] [34;1m[rows:0][0m SELECT description FROM pg_catalog.pg_description WHERE objsubid = (SELECT ordinal_position FROM information_schema.columns WHERE table_schema = CURRENT_SCHEMA() AND table_name = 'workflows' AND column_name = 'definition') AND objoid = (SELECT oid FROM pg_catalog.pg_class WHERE relname = 'workflows' AND relnamespace = (SELECT oid FROM pg_catalog.pg_namespace WHERE nspname = CURRENT_SCHEMA()))

2026/06/24 23:14:24 [32m/Users/pengchunhui/code/aiops/AiOpsHub/backend/internal/database/database.go:61
[0m[33m[49.225ms] [34;1m[rows:0][0m SELECT description FROM pg_catalog.pg_description WHERE objsubid = (SELECT ordinal_position FROM information_schema.columns WHERE table_schema = CURRENT_SCHEMA() AND table_name = 'workflows' AND column_name = 'status') AND objoid = (SELECT oid FROM pg_catalog.pg_class WHERE relname = 'workflows' AND relnamespace = (SELECT oid FROM pg_catalog.pg_namespace WHERE nspname = CURRENT_SCHEMA()))

2026/06/24 23:14:24 [32m/Users/pengchunhui/code/aiops/AiOpsHub/backend/internal/database/database.go:61
[0m[33m[55.507ms] [34;1m[rows:0][0m SELECT description FROM pg_catalog.pg_description WHERE objsubid = (SELECT ordinal_position FROM information_schema.columns WHERE table_schema = CURRENT_SCHEMA() AND table_name = 'workflows' AND column_name = 'created_at') AND objoid = (SELECT oid FROM pg_catalog.pg_class WHERE relname = 'workflows' AND relnamespace = (SELECT oid FROM pg_catalog.pg_namespace WHERE nspname = CURRENT_SCHEMA()))

2026/06/24 23:14:24 [32m/Users/pengchunhui/code/aiops/AiOpsHub/backend/internal/database/database.go:61
[0m[33m[51.347ms] [34;1m[rows:0][0m SELECT description FROM pg_catalog.pg_description WHERE objsubid = (SELECT ordinal_position FROM information_schema.columns WHERE table_schema = CURRENT_SCHEMA() AND table_name = 'workflows' AND column_name = 'updated_at') AND objoid = (SELECT oid FROM pg_catalog.pg_class WHERE relname = 'workflows' AND relnamespace = (SELECT oid FROM pg_catalog.pg_namespace WHERE nspname = CURRENT_SCHEMA()))

2026/06/24 23:14:24 [32m/Users/pengchunhui/code/aiops/AiOpsHub/backend/internal/database/database.go:61
[0m[33m[47.124ms] [34;1m[rows:1][0m SELECT count(*) FROM information_schema.tables WHERE table_schema = CURRENT_SCHEMA() AND table_name = 'workflow_executions' AND table_type = 'BASE TABLE'

2026/06/24 23:14:24 [32m/Users/pengchunhui/code/aiops/AiOpsHub/backend/internal/database/database.go:61
[0m[33m[86.849ms] [34;1m[rows:1][0m SELECT CURRENT_DATABASE()

2026/06/24 23:14:24 [32m/Users/pengchunhui/code/aiops/AiOpsHub/backend/internal/database/database.go:61
[0m[33m[59.449ms] [34;1m[rows:-][0m SELECT c.column_name, c.is_nullable = 'YES', c.udt_name, c.character_maximum_length, c.numeric_precision, c.numeric_precision_radix, c.numeric_scale, c.datetime_precision, 8 * typlen, c.column_default, pd.description, c.identity_increment FROM information_schema.columns AS c JOIN pg_type AS pgt ON c.udt_name = pgt.typname LEFT JOIN pg_catalog.pg_description as pd ON pd.objsubid = c.ordinal_position AND pd.objoid = (SELECT oid FROM pg_catalog.pg_class WHERE relname = c.table_name AND relnamespace = (SELECT oid FROM pg_catalog.pg_namespace WHERE nspname = c.table_schema)) where table_catalog = 'aiopsdb' AND table_schema = CURRENT_SCHEMA() AND table_name = 'workflow_executions'

2026/06/24 23:14:24 [32m/Users/pengchunhui/code/aiops/AiOpsHub/backend/internal/database/database.go:61
[0m[33m[52.200ms] [34;1m[rows:-][0m SELECT * FROM "workflow_executions" LIMIT 5

2026/06/24 23:14:24 [32m/Users/pengchunhui/code/aiops/AiOpsHub/backend/internal/database/database.go:61
[0m[33m[62.416ms] [34;1m[rows:-][0m SELECT constraint_name FROM information_schema.table_constraints tc JOIN information_schema.constraint_column_usage AS ccu USING (constraint_schema, constraint_catalog, table_name, constraint_name) JOIN information_schema.columns AS c ON c.table_schema = tc.constraint_schema AND tc.table_name = c.table_name AND ccu.column_name = c.column_name WHERE constraint_type IN ('PRIMARY KEY', 'UNIQUE') AND c.table_catalog = 'aiopsdb' AND c.table_schema = CURRENT_SCHEMA() AND c.table_name = 'workflow_executions' AND constraint_type = 'UNIQUE'

2026/06/24 23:14:24 [32m/Users/pengchunhui/code/aiops/AiOpsHub/backend/internal/database/database.go:61
[0m[33m[66.438ms] [34;1m[rows:-][0m SELECT c.column_name, constraint_name, constraint_type FROM information_schema.table_constraints tc JOIN information_schema.constraint_column_usage AS ccu USING (constraint_schema, constraint_catalog, table_name, constraint_name) JOIN information_schema.columns AS c ON c.table_schema = tc.constraint_schema AND tc.table_name = c.table_name AND ccu.column_name = c.column_name WHERE constraint_type IN ('PRIMARY KEY', 'UNIQUE') AND c.table_catalog = 'aiopsdb' AND c.table_schema = CURRENT_SCHEMA() AND c.table_name = 'workflow_executions'

2026/06/24 23:14:24 [32m/Users/pengchunhui/code/aiops/AiOpsHub/backend/internal/database/database.go:61
[0m[33m[91.049ms] [34;1m[rows:-][0m SELECT a.attname as column_name, format_type(a.atttypid, a.atttypmod) AS data_type
		FROM pg_attribute a JOIN pg_class b ON a.attrelid = b.oid AND relnamespace = (SELECT oid FROM pg_catalog.pg_namespace WHERE nspname = CURRENT_SCHEMA())
		WHERE a.attnum > 0 -- hide internal columns
		AND NOT a.attisdropped -- hide deleted columns
		AND b.relname = 'workflow_executions'

2026/06/24 23:14:24 [32m/Users/pengchunhui/code/aiops/AiOpsHub/backend/internal/database/database.go:61
[0m[33m[60.808ms] [34;1m[rows:0][0m SELECT description FROM pg_catalog.pg_description WHERE objsubid = (SELECT ordinal_position FROM information_schema.columns WHERE table_schema = CURRENT_SCHEMA() AND table_name = 'workflow_executions' AND column_name = 'id') AND objoid = (SELECT oid FROM pg_catalog.pg_class WHERE relname = 'workflow_executions' AND relnamespace = (SELECT oid FROM pg_catalog.pg_namespace WHERE nspname = CURRENT_SCHEMA()))

2026/06/24 23:14:24 [32m/Users/pengchunhui/code/aiops/AiOpsHub/backend/internal/database/database.go:61
[0m[33m[66.649ms] [34;1m[rows:0][0m SELECT description FROM pg_catalog.pg_description WHERE objsubid = (SELECT ordinal_position FROM information_schema.columns WHERE table_schema = CURRENT_SCHEMA() AND table_name = 'workflow_executions' AND column_name = 'workflow_id') AND objoid = (SELECT oid FROM pg_catalog.pg_class WHERE relname = 'workflow_executions' AND relnamespace = (SELECT oid FROM pg_catalog.pg_namespace WHERE nspname = CURRENT_SCHEMA()))

2026/06/24 23:14:24 [32m/Users/pengchunhui/code/aiops/AiOpsHub/backend/internal/database/database.go:61
[0m[33m[54.049ms] [34;1m[rows:0][0m SELECT description FROM pg_catalog.pg_description WHERE objsubid = (SELECT ordinal_position FROM information_schema.columns WHERE table_schema = CURRENT_SCHEMA() AND table_name = 'workflow_executions' AND column_name = 'status') AND objoid = (SELECT oid FROM pg_catalog.pg_class WHERE relname = 'workflow_executions' AND relnamespace = (SELECT oid FROM pg_catalog.pg_namespace WHERE nspname = CURRENT_SCHEMA()))

2026/06/24 23:14:24 [32m/Users/pengchunhui/code/aiops/AiOpsHub/backend/internal/database/database.go:61
[0m[33m[83.551ms] [34;1m[rows:0][0m SELECT description FROM pg_catalog.pg_description WHERE objsubid = (SELECT ordinal_position FROM information_schema.columns WHERE table_schema = CURRENT_SCHEMA() AND table_name = 'workflow_executions' AND column_name = 'input') AND objoid = (SELECT oid FROM pg_catalog.pg_class WHERE relname = 'workflow_executions' AND relnamespace = (SELECT oid FROM pg_catalog.pg_namespace WHERE nspname = CURRENT_SCHEMA()))

2026/06/24 23:14:24 [32m/Users/pengchunhui/code/aiops/AiOpsHub/backend/internal/database/database.go:61
[0m[33m[45.755ms] [34;1m[rows:0][0m SELECT description FROM pg_catalog.pg_description WHERE objsubid = (SELECT ordinal_position FROM information_schema.columns WHERE table_schema = CURRENT_SCHEMA() AND table_name = 'workflow_executions' AND column_name = 'output') AND objoid = (SELECT oid FROM pg_catalog.pg_class WHERE relname = 'workflow_executions' AND relnamespace = (SELECT oid FROM pg_catalog.pg_namespace WHERE nspname = CURRENT_SCHEMA()))

2026/06/24 23:14:25 [32m/Users/pengchunhui/code/aiops/AiOpsHub/backend/internal/database/database.go:61
[0m[33m[54.873ms] [34;1m[rows:0][0m SELECT description FROM pg_catalog.pg_description WHERE objsubid = (SELECT ordinal_position FROM information_schema.columns WHERE table_schema = CURRENT_SCHEMA() AND table_name = 'workflow_executions' AND column_name = 'error') AND objoid = (SELECT oid FROM pg_catalog.pg_class WHERE relname = 'workflow_executions' AND relnamespace = (SELECT oid FROM pg_catalog.pg_namespace WHERE nspname = CURRENT_SCHEMA()))

2026/06/24 23:14:25 [32m/Users/pengchunhui/code/aiops/AiOpsHub/backend/internal/database/database.go:61
[0m[33m[55.011ms] [34;1m[rows:0][0m SELECT description FROM pg_catalog.pg_description WHERE objsubid = (SELECT ordinal_position FROM information_schema.columns WHERE table_schema = CURRENT_SCHEMA() AND table_name = 'workflow_executions' AND column_name = 'started_at') AND objoid = (SELECT oid FROM pg_catalog.pg_class WHERE relname = 'workflow_executions' AND relnamespace = (SELECT oid FROM pg_catalog.pg_namespace WHERE nspname = CURRENT_SCHEMA()))

2026/06/24 23:14:25 [32m/Users/pengchunhui/code/aiops/AiOpsHub/backend/internal/database/database.go:61
[0m[33m[41.187ms] [34;1m[rows:0][0m SELECT description FROM pg_catalog.pg_description WHERE objsubid = (SELECT ordinal_position FROM information_schema.columns WHERE table_schema = CURRENT_SCHEMA() AND table_name = 'workflow_executions' AND column_name = 'completed_at') AND objoid = (SELECT oid FROM pg_catalog.pg_class WHERE relname = 'workflow_executions' AND relnamespace = (SELECT oid FROM pg_catalog.pg_namespace WHERE nspname = CURRENT_SCHEMA()))

2026/06/24 23:14:25 [32m/Users/pengchunhui/code/aiops/AiOpsHub/backend/internal/database/database.go:61
[0m[33m[48.439ms] [34;1m[rows:0][0m SELECT description FROM pg_catalog.pg_description WHERE objsubid = (SELECT ordinal_position FROM information_schema.columns WHERE table_schema = CURRENT_SCHEMA() AND table_name = 'workflow_executions' AND column_name = 'created_at') AND objoid = (SELECT oid FROM pg_catalog.pg_class WHERE relname = 'workflow_executions' AND relnamespace = (SELECT oid FROM pg_catalog.pg_namespace WHERE nspname = CURRENT_SCHEMA()))

2026/06/24 23:14:25 [32m/Users/pengchunhui/code/aiops/AiOpsHub/backend/internal/database/database.go:61
[0m[33m[104.081ms] [34;1m[rows:1][0m SELECT count(*) FROM pg_indexes WHERE tablename = 'workflow_executions' AND indexname = 'idx_workflow_executions_workflow_id' AND schemaname = CURRENT_SCHEMA()

2026/06/24 23:14:25 [32m/Users/pengchunhui/code/aiops/AiOpsHub/backend/internal/database/database.go:61
[0m[33m[51.822ms] [34;1m[rows:1][0m SELECT count(*) FROM information_schema.tables WHERE table_schema = CURRENT_SCHEMA() AND table_name = 'alerts' AND table_type = 'BASE TABLE'

2026/06/24 23:14:25 [32m/Users/pengchunhui/code/aiops/AiOpsHub/backend/internal/database/database.go:61
[0m[33m[60.365ms] [34;1m[rows:1][0m SELECT CURRENT_DATABASE()

2026/06/24 23:14:25 [32m/Users/pengchunhui/code/aiops/AiOpsHub/backend/internal/database/database.go:61
[0m[33m[66.212ms] [34;1m[rows:-][0m SELECT c.column_name, c.is_nullable = 'YES', c.udt_name, c.character_maximum_length, c.numeric_precision, c.numeric_precision_radix, c.numeric_scale, c.datetime_precision, 8 * typlen, c.column_default, pd.description, c.identity_increment FROM information_schema.columns AS c JOIN pg_type AS pgt ON c.udt_name = pgt.typname LEFT JOIN pg_catalog.pg_description as pd ON pd.objsubid = c.ordinal_position AND pd.objoid = (SELECT oid FROM pg_catalog.pg_class WHERE relname = c.table_name AND relnamespace = (SELECT oid FROM pg_catalog.pg_namespace WHERE nspname = c.table_schema)) where table_catalog = 'aiopsdb' AND table_schema = CURRENT_SCHEMA() AND table_name = 'alerts'

2026/06/24 23:14:25 [32m/Users/pengchunhui/code/aiops/AiOpsHub/backend/internal/database/database.go:61
[0m[33m[67.159ms] [34;1m[rows:-][0m SELECT * FROM "alerts" LIMIT 5

2026/06/24 23:14:25 [32m/Users/pengchunhui/code/aiops/AiOpsHub/backend/internal/database/database.go:61
[0m[33m[53.022ms] [34;1m[rows:-][0m SELECT constraint_name FROM information_schema.table_constraints tc JOIN information_schema.constraint_column_usage AS ccu USING (constraint_schema, constraint_catalog, table_name, constraint_name) JOIN information_schema.columns AS c ON c.table_schema = tc.constraint_schema AND tc.table_name = c.table_name AND ccu.column_name = c.column_name WHERE constraint_type IN ('PRIMARY KEY', 'UNIQUE') AND c.table_catalog = 'aiopsdb' AND c.table_schema = CURRENT_SCHEMA() AND c.table_name = 'alerts' AND constraint_type = 'UNIQUE'

2026/06/24 23:14:25 [32m/Users/pengchunhui/code/aiops/AiOpsHub/backend/internal/database/database.go:61
[0m[33m[49.405ms] [34;1m[rows:-][0m SELECT c.column_name, constraint_name, constraint_type FROM information_schema.table_constraints tc JOIN information_schema.constraint_column_usage AS ccu USING (constraint_schema, constraint_catalog, table_name, constraint_name) JOIN information_schema.columns AS c ON c.table_schema = tc.constraint_schema AND tc.table_name = c.table_name AND ccu.column_name = c.column_name WHERE constraint_type IN ('PRIMARY KEY', 'UNIQUE') AND c.table_catalog = 'aiopsdb' AND c.table_schema = CURRENT_SCHEMA() AND c.table_name = 'alerts'

2026/06/24 23:14:25 [32m/Users/pengchunhui/code/aiops/AiOpsHub/backend/internal/database/database.go:61
[0m[33m[48.376ms] [34;1m[rows:-][0m SELECT a.attname as column_name, format_type(a.atttypid, a.atttypmod) AS data_type
		FROM pg_attribute a JOIN pg_class b ON a.attrelid = b.oid AND relnamespace = (SELECT oid FROM pg_catalog.pg_namespace WHERE nspname = CURRENT_SCHEMA())
		WHERE a.attnum > 0 -- hide internal columns
		AND NOT a.attisdropped -- hide deleted columns
		AND b.relname = 'alerts'

2026/06/24 23:14:25 [32m/Users/pengchunhui/code/aiops/AiOpsHub/backend/internal/database/database.go:61
[0m[33m[49.434ms] [34;1m[rows:0][0m SELECT description FROM pg_catalog.pg_description WHERE objsubid = (SELECT ordinal_position FROM information_schema.columns WHERE table_schema = CURRENT_SCHEMA() AND table_name = 'alerts' AND column_name = 'id') AND objoid = (SELECT oid FROM pg_catalog.pg_class WHERE relname = 'alerts' AND relnamespace = (SELECT oid FROM pg_catalog.pg_namespace WHERE nspname = CURRENT_SCHEMA()))

2026/06/24 23:14:25 [32m/Users/pengchunhui/code/aiops/AiOpsHub/backend/internal/database/database.go:61
[0m[33m[46.884ms] [34;1m[rows:0][0m SELECT description FROM pg_catalog.pg_description WHERE objsubid = (SELECT ordinal_position FROM information_schema.columns WHERE table_schema = CURRENT_SCHEMA() AND table_name = 'alerts' AND column_name = 'source') AND objoid = (SELECT oid FROM pg_catalog.pg_class WHERE relname = 'alerts' AND relnamespace = (SELECT oid FROM pg_catalog.pg_namespace WHERE nspname = CURRENT_SCHEMA()))

2026/06/24 23:14:25 [32m/Users/pengchunhui/code/aiops/AiOpsHub/backend/internal/database/database.go:61
[0m[33m[51.947ms] [34;1m[rows:0][0m SELECT description FROM pg_catalog.pg_description WHERE objsubid = (SELECT ordinal_position FROM information_schema.columns WHERE table_schema = CURRENT_SCHEMA() AND table_name = 'alerts' AND column_name = 'severity') AND objoid = (SELECT oid FROM pg_catalog.pg_class WHERE relname = 'alerts' AND relnamespace = (SELECT oid FROM pg_catalog.pg_namespace WHERE nspname = CURRENT_SCHEMA()))

2026/06/24 23:14:25 [32m/Users/pengchunhui/code/aiops/AiOpsHub/backend/internal/database/database.go:61
[0m[33m[69.602ms] [34;1m[rows:0][0m SELECT description FROM pg_catalog.pg_description WHERE objsubid = (SELECT ordinal_position FROM information_schema.columns WHERE table_schema = CURRENT_SCHEMA() AND table_name = 'alerts' AND column_name = 'title') AND objoid = (SELECT oid FROM pg_catalog.pg_class WHERE relname = 'alerts' AND relnamespace = (SELECT oid FROM pg_catalog.pg_namespace WHERE nspname = CURRENT_SCHEMA()))

2026/06/24 23:14:25 [32m/Users/pengchunhui/code/aiops/AiOpsHub/backend/internal/database/database.go:61
[0m[33m[47.171ms] [34;1m[rows:0][0m SELECT description FROM pg_catalog.pg_description WHERE objsubid = (SELECT ordinal_position FROM information_schema.columns WHERE table_schema = CURRENT_SCHEMA() AND table_name = 'alerts' AND column_name = 'description') AND objoid = (SELECT oid FROM pg_catalog.pg_class WHERE relname = 'alerts' AND relnamespace = (SELECT oid FROM pg_catalog.pg_namespace WHERE nspname = CURRENT_SCHEMA()))

2026/06/24 23:14:26 [32m/Users/pengchunhui/code/aiops/AiOpsHub/backend/internal/database/database.go:61
[0m[33m[46.932ms] [34;1m[rows:0][0m SELECT description FROM pg_catalog.pg_description WHERE objsubid = (SELECT ordinal_position FROM information_schema.columns WHERE table_schema = CURRENT_SCHEMA() AND table_name = 'alerts' AND column_name = 'status') AND objoid = (SELECT oid FROM pg_catalog.pg_class WHERE relname = 'alerts' AND relnamespace = (SELECT oid FROM pg_catalog.pg_namespace WHERE nspname = CURRENT_SCHEMA()))

2026/06/24 23:14:26 [32m/Users/pengchunhui/code/aiops/AiOpsHub/backend/internal/database/database.go:61
[0m[33m[46.770ms] [34;1m[rows:0][0m SELECT description FROM pg_catalog.pg_description WHERE objsubid = (SELECT ordinal_position FROM information_schema.columns WHERE table_schema = CURRENT_SCHEMA() AND table_name = 'alerts' AND column_name = 'raw_data') AND objoid = (SELECT oid FROM pg_catalog.pg_class WHERE relname = 'alerts' AND relnamespace = (SELECT oid FROM pg_catalog.pg_namespace WHERE nspname = CURRENT_SCHEMA()))

2026/06/24 23:14:26 [32m/Users/pengchunhui/code/aiops/AiOpsHub/backend/internal/database/database.go:61
[0m[33m[49.879ms] [34;1m[rows:0][0m SELECT description FROM pg_catalog.pg_description WHERE objsubid = (SELECT ordinal_position FROM information_schema.columns WHERE table_schema = CURRENT_SCHEMA() AND table_name = 'alerts' AND column_name = 'created_at') AND objoid = (SELECT oid FROM pg_catalog.pg_class WHERE relname = 'alerts' AND relnamespace = (SELECT oid FROM pg_catalog.pg_namespace WHERE nspname = CURRENT_SCHEMA()))

2026/06/24 23:14:26 [32m/Users/pengchunhui/code/aiops/AiOpsHub/backend/internal/database/database.go:61
[0m[33m[92.443ms] [34;1m[rows:0][0m SELECT description FROM pg_catalog.pg_description WHERE objsubid = (SELECT ordinal_position FROM information_schema.columns WHERE table_schema = CURRENT_SCHEMA() AND table_name = 'alerts' AND column_name = 'updated_at') AND objoid = (SELECT oid FROM pg_catalog.pg_class WHERE relname = 'alerts' AND relnamespace = (SELECT oid FROM pg_catalog.pg_namespace WHERE nspname = CURRENT_SCHEMA()))

2026/06/24 23:14:26 [32m/Users/pengchunhui/code/aiops/AiOpsHub/backend/internal/database/database.go:61
[0m[33m[66.267ms] [34;1m[rows:1][0m SELECT count(*) FROM information_schema.tables WHERE table_schema = CURRENT_SCHEMA() AND table_name = 'knowledges' AND table_type = 'BASE TABLE'

2026/06/24 23:14:26 [32m/Users/pengchunhui/code/aiops/AiOpsHub/backend/internal/database/database.go:61
[0m[33m[47.278ms] [34;1m[rows:1][0m SELECT CURRENT_DATABASE()

2026/06/24 23:14:26 [32m/Users/pengchunhui/code/aiops/AiOpsHub/backend/internal/database/database.go:61
[0m[33m[67.393ms] [34;1m[rows:-][0m SELECT c.column_name, c.is_nullable = 'YES', c.udt_name, c.character_maximum_length, c.numeric_precision, c.numeric_precision_radix, c.numeric_scale, c.datetime_precision, 8 * typlen, c.column_default, pd.description, c.identity_increment FROM information_schema.columns AS c JOIN pg_type AS pgt ON c.udt_name = pgt.typname LEFT JOIN pg_catalog.pg_description as pd ON pd.objsubid = c.ordinal_position AND pd.objoid = (SELECT oid FROM pg_catalog.pg_class WHERE relname = c.table_name AND relnamespace = (SELECT oid FROM pg_catalog.pg_namespace WHERE nspname = c.table_schema)) where table_catalog = 'aiopsdb' AND table_schema = CURRENT_SCHEMA() AND table_name = 'knowledges'

2026/06/24 23:14:26 [32m/Users/pengchunhui/code/aiops/AiOpsHub/backend/internal/database/database.go:61
[0m[33m[68.807ms] [34;1m[rows:-][0m SELECT * FROM "knowledges" LIMIT 5

2026/06/24 23:14:26 [32m/Users/pengchunhui/code/aiops/AiOpsHub/backend/internal/database/database.go:61
[0m[33m[49.480ms] [34;1m[rows:-][0m SELECT constraint_name FROM information_schema.table_constraints tc JOIN information_schema.constraint_column_usage AS ccu USING (constraint_schema, constraint_catalog, table_name, constraint_name) JOIN information_schema.columns AS c ON c.table_schema = tc.constraint_schema AND tc.table_name = c.table_name AND ccu.column_name = c.column_name WHERE constraint_type IN ('PRIMARY KEY', 'UNIQUE') AND c.table_catalog = 'aiopsdb' AND c.table_schema = CURRENT_SCHEMA() AND c.table_name = 'knowledges' AND constraint_type = 'UNIQUE'

2026/06/24 23:14:26 [32m/Users/pengchunhui/code/aiops/AiOpsHub/backend/internal/database/database.go:61
[0m[33m[46.769ms] [34;1m[rows:-][0m SELECT c.column_name, constraint_name, constraint_type FROM information_schema.table_constraints tc JOIN information_schema.constraint_column_usage AS ccu USING (constraint_schema, constraint_catalog, table_name, constraint_name) JOIN information_schema.columns AS c ON c.table_schema = tc.constraint_schema AND tc.table_name = c.table_name AND ccu.column_name = c.column_name WHERE constraint_type IN ('PRIMARY KEY', 'UNIQUE') AND c.table_catalog = 'aiopsdb' AND c.table_schema = CURRENT_SCHEMA() AND c.table_name = 'knowledges'

2026/06/24 23:14:26 [32m/Users/pengchunhui/code/aiops/AiOpsHub/backend/internal/database/database.go:61
[0m[33m[56.349ms] [34;1m[rows:-][0m SELECT a.attname as column_name, format_type(a.atttypid, a.atttypmod) AS data_type
		FROM pg_attribute a JOIN pg_class b ON a.attrelid = b.oid AND relnamespace = (SELECT oid FROM pg_catalog.pg_namespace WHERE nspname = CURRENT_SCHEMA())
		WHERE a.attnum > 0 -- hide internal columns
		AND NOT a.attisdropped -- hide deleted columns
		AND b.relname = 'knowledges'

2026/06/24 23:14:26 [32m/Users/pengchunhui/code/aiops/AiOpsHub/backend/internal/database/database.go:61
[0m[33m[50.553ms] [34;1m[rows:0][0m SELECT description FROM pg_catalog.pg_description WHERE objsubid = (SELECT ordinal_position FROM information_schema.columns WHERE table_schema = CURRENT_SCHEMA() AND table_name = 'knowledges' AND column_name = 'id') AND objoid = (SELECT oid FROM pg_catalog.pg_class WHERE relname = 'knowledges' AND relnamespace = (SELECT oid FROM pg_catalog.pg_namespace WHERE nspname = CURRENT_SCHEMA()))

2026/06/24 23:14:26 [32m/Users/pengchunhui/code/aiops/AiOpsHub/backend/internal/database/database.go:61
[0m[33m[54.202ms] [34;1m[rows:0][0m SELECT description FROM pg_catalog.pg_description WHERE objsubid = (SELECT ordinal_position FROM information_schema.columns WHERE table_schema = CURRENT_SCHEMA() AND table_name = 'knowledges' AND column_name = 'title') AND objoid = (SELECT oid FROM pg_catalog.pg_class WHERE relname = 'knowledges' AND relnamespace = (SELECT oid FROM pg_catalog.pg_namespace WHERE nspname = CURRENT_SCHEMA()))

2026/06/24 23:14:26 [32m/Users/pengchunhui/code/aiops/AiOpsHub/backend/internal/database/database.go:61
[0m[33m[115.351ms] [34;1m[rows:0][0m SELECT description FROM pg_catalog.pg_description WHERE objsubid = (SELECT ordinal_position FROM information_schema.columns WHERE table_schema = CURRENT_SCHEMA() AND table_name = 'knowledges' AND column_name = 'content') AND objoid = (SELECT oid FROM pg_catalog.pg_class WHERE relname = 'knowledges' AND relnamespace = (SELECT oid FROM pg_catalog.pg_namespace WHERE nspname = CURRENT_SCHEMA()))

2026/06/24 23:14:26 [32m/Users/pengchunhui/code/aiops/AiOpsHub/backend/internal/database/database.go:61
[0m[33m[60.390ms] [34;1m[rows:0][0m SELECT description FROM pg_catalog.pg_description WHERE objsubid = (SELECT ordinal_position FROM information_schema.columns WHERE table_schema = CURRENT_SCHEMA() AND table_name = 'knowledges' AND column_name = 'type') AND objoid = (SELECT oid FROM pg_catalog.pg_class WHERE relname = 'knowledges' AND relnamespace = (SELECT oid FROM pg_catalog.pg_namespace WHERE nspname = CURRENT_SCHEMA()))

2026/06/24 23:14:26 [32m/Users/pengchunhui/code/aiops/AiOpsHub/backend/internal/database/database.go:61
[0m[33m[47.460ms] [34;1m[rows:0][0m SELECT description FROM pg_catalog.pg_description WHERE objsubid = (SELECT ordinal_position FROM information_schema.columns WHERE table_schema = CURRENT_SCHEMA() AND table_name = 'knowledges' AND column_name = 'tags') AND objoid = (SELECT oid FROM pg_catalog.pg_class WHERE relname = 'knowledges' AND relnamespace = (SELECT oid FROM pg_catalog.pg_namespace WHERE nspname = CURRENT_SCHEMA()))

2026/06/24 23:14:27 [32m/Users/pengchunhui/code/aiops/AiOpsHub/backend/internal/database/database.go:61
[0m[33m[121.363ms] [34;1m[rows:0][0m SELECT description FROM pg_catalog.pg_description WHERE objsubid = (SELECT ordinal_position FROM information_schema.columns WHERE table_schema = CURRENT_SCHEMA() AND table_name = 'knowledges' AND column_name = 'vector_id') AND objoid = (SELECT oid FROM pg_catalog.pg_class WHERE relname = 'knowledges' AND relnamespace = (SELECT oid FROM pg_catalog.pg_namespace WHERE nspname = CURRENT_SCHEMA()))

2026/06/24 23:14:27 [32m/Users/pengchunhui/code/aiops/AiOpsHub/backend/internal/database/database.go:61
[0m[33m[59.277ms] [34;1m[rows:0][0m SELECT description FROM pg_catalog.pg_description WHERE objsubid = (SELECT ordinal_position FROM information_schema.columns WHERE table_schema = CURRENT_SCHEMA() AND table_name = 'knowledges' AND column_name = 'created_at') AND objoid = (SELECT oid FROM pg_catalog.pg_class WHERE relname = 'knowledges' AND relnamespace = (SELECT oid FROM pg_catalog.pg_namespace WHERE nspname = CURRENT_SCHEMA()))

2026/06/24 23:14:27 [32m/Users/pengchunhui/code/aiops/AiOpsHub/backend/internal/database/database.go:61
[0m[33m[65.167ms] [34;1m[rows:0][0m SELECT description FROM pg_catalog.pg_description WHERE objsubid = (SELECT ordinal_position FROM information_schema.columns WHERE table_schema = CURRENT_SCHEMA() AND table_name = 'knowledges' AND column_name = 'updated_at') AND objoid = (SELECT oid FROM pg_catalog.pg_class WHERE relname = 'knowledges' AND relnamespace = (SELECT oid FROM pg_catalog.pg_namespace WHERE nspname = CURRENT_SCHEMA()))

2026/06/24 23:14:27 [32m/Users/pengchunhui/code/aiops/AiOpsHub/backend/internal/database/database.go:61
[0m[33m[64.460ms] [34;1m[rows:1][0m SELECT count(*) FROM information_schema.tables WHERE table_schema = CURRENT_SCHEMA() AND table_name = 'datasources' AND table_type = 'BASE TABLE'

2026/06/24 23:14:27 [32m/Users/pengchunhui/code/aiops/AiOpsHub/backend/internal/database/database.go:61
[0m[33m[46.320ms] [34;1m[rows:1][0m SELECT CURRENT_DATABASE()

2026/06/24 23:14:27 [32m/Users/pengchunhui/code/aiops/AiOpsHub/backend/internal/database/database.go:61
[0m[33m[53.581ms] [34;1m[rows:-][0m SELECT c.column_name, c.is_nullable = 'YES', c.udt_name, c.character_maximum_length, c.numeric_precision, c.numeric_precision_radix, c.numeric_scale, c.datetime_precision, 8 * typlen, c.column_default, pd.description, c.identity_increment FROM information_schema.columns AS c JOIN pg_type AS pgt ON c.udt_name = pgt.typname LEFT JOIN pg_catalog.pg_description as pd ON pd.objsubid = c.ordinal_position AND pd.objoid = (SELECT oid FROM pg_catalog.pg_class WHERE relname = c.table_name AND relnamespace = (SELECT oid FROM pg_catalog.pg_namespace WHERE nspname = c.table_schema)) where table_catalog = 'aiopsdb' AND table_schema = CURRENT_SCHEMA() AND table_name = 'datasources'

2026/06/24 23:14:27 [32m/Users/pengchunhui/code/aiops/AiOpsHub/backend/internal/database/database.go:61
[0m[33m[47.706ms] [34;1m[rows:-][0m SELECT * FROM "datasources" LIMIT 5

2026/06/24 23:14:27 [32m/Users/pengchunhui/code/aiops/AiOpsHub/backend/internal/database/database.go:61
[0m[33m[53.183ms] [34;1m[rows:-][0m SELECT constraint_name FROM information_schema.table_constraints tc JOIN information_schema.constraint_column_usage AS ccu USING (constraint_schema, constraint_catalog, table_name, constraint_name) JOIN information_schema.columns AS c ON c.table_schema = tc.constraint_schema AND tc.table_name = c.table_name AND ccu.column_name = c.column_name WHERE constraint_type IN ('PRIMARY KEY', 'UNIQUE') AND c.table_catalog = 'aiopsdb' AND c.table_schema = CURRENT_SCHEMA() AND c.table_name = 'datasources' AND constraint_type = 'UNIQUE'

2026/06/24 23:14:27 [32m/Users/pengchunhui/code/aiops/AiOpsHub/backend/internal/database/database.go:61
[0m[33m[51.973ms] [34;1m[rows:-][0m SELECT c.column_name, constraint_name, constraint_type FROM information_schema.table_constraints tc JOIN information_schema.constraint_column_usage AS ccu USING (constraint_schema, constraint_catalog, table_name, constraint_name) JOIN information_schema.columns AS c ON c.table_schema = tc.constraint_schema AND tc.table_name = c.table_name AND ccu.column_name = c.column_name WHERE constraint_type IN ('PRIMARY KEY', 'UNIQUE') AND c.table_catalog = 'aiopsdb' AND c.table_schema = CURRENT_SCHEMA() AND c.table_name = 'datasources'

2026/06/24 23:14:27 [32m/Users/pengchunhui/code/aiops/AiOpsHub/backend/internal/database/database.go:61
[0m[33m[50.104ms] [34;1m[rows:-][0m SELECT a.attname as column_name, format_type(a.atttypid, a.atttypmod) AS data_type
		FROM pg_attribute a JOIN pg_class b ON a.attrelid = b.oid AND relnamespace = (SELECT oid FROM pg_catalog.pg_namespace WHERE nspname = CURRENT_SCHEMA())
		WHERE a.attnum > 0 -- hide internal columns
		AND NOT a.attisdropped -- hide deleted columns
		AND b.relname = 'datasources'

2026/06/24 23:14:27 [32m/Users/pengchunhui/code/aiops/AiOpsHub/backend/internal/database/database.go:61
[0m[33m[46.112ms] [34;1m[rows:0][0m SELECT description FROM pg_catalog.pg_description WHERE objsubid = (SELECT ordinal_position FROM information_schema.columns WHERE table_schema = CURRENT_SCHEMA() AND table_name = 'datasources' AND column_name = 'id') AND objoid = (SELECT oid FROM pg_catalog.pg_class WHERE relname = 'datasources' AND relnamespace = (SELECT oid FROM pg_catalog.pg_namespace WHERE nspname = CURRENT_SCHEMA()))

2026/06/24 23:14:27 [32m/Users/pengchunhui/code/aiops/AiOpsHub/backend/internal/database/database.go:61
[0m[33m[53.490ms] [34;1m[rows:0][0m SELECT description FROM pg_catalog.pg_description WHERE objsubid = (SELECT ordinal_position FROM information_schema.columns WHERE table_schema = CURRENT_SCHEMA() AND table_name = 'datasources' AND column_name = 'name') AND objoid = (SELECT oid FROM pg_catalog.pg_class WHERE relname = 'datasources' AND relnamespace = (SELECT oid FROM pg_catalog.pg_namespace WHERE nspname = CURRENT_SCHEMA()))

2026/06/24 23:14:27 [32m/Users/pengchunhui/code/aiops/AiOpsHub/backend/internal/database/database.go:61
[0m[33m[100.067ms] [34;1m[rows:0][0m SELECT description FROM pg_catalog.pg_description WHERE objsubid = (SELECT ordinal_position FROM information_schema.columns WHERE table_schema = CURRENT_SCHEMA() AND table_name = 'datasources' AND column_name = 'type') AND objoid = (SELECT oid FROM pg_catalog.pg_class WHERE relname = 'datasources' AND relnamespace = (SELECT oid FROM pg_catalog.pg_namespace WHERE nspname = CURRENT_SCHEMA()))

2026/06/24 23:14:27 [32m/Users/pengchunhui/code/aiops/AiOpsHub/backend/internal/database/database.go:61
[0m[33m[89.280ms] [34;1m[rows:0][0m SELECT description FROM pg_catalog.pg_description WHERE objsubid = (SELECT ordinal_position FROM information_schema.columns WHERE table_schema = CURRENT_SCHEMA() AND table_name = 'datasources' AND column_name = 'config') AND objoid = (SELECT oid FROM pg_catalog.pg_class WHERE relname = 'datasources' AND relnamespace = (SELECT oid FROM pg_catalog.pg_namespace WHERE nspname = CURRENT_SCHEMA()))

2026/06/24 23:14:27 [32m/Users/pengchunhui/code/aiops/AiOpsHub/backend/internal/database/database.go:61
[0m[33m[51.607ms] [34;1m[rows:0][0m SELECT description FROM pg_catalog.pg_description WHERE objsubid = (SELECT ordinal_position FROM information_schema.columns WHERE table_schema = CURRENT_SCHEMA() AND table_name = 'datasources' AND column_name = 'status') AND objoid = (SELECT oid FROM pg_catalog.pg_class WHERE relname = 'datasources' AND relnamespace = (SELECT oid FROM pg_catalog.pg_namespace WHERE nspname = CURRENT_SCHEMA()))

2026/06/24 23:14:27 [32m/Users/pengchunhui/code/aiops/AiOpsHub/backend/internal/database/database.go:61
[0m[33m[48.068ms] [34;1m[rows:0][0m SELECT description FROM pg_catalog.pg_description WHERE objsubid = (SELECT ordinal_position FROM information_schema.columns WHERE table_schema = CURRENT_SCHEMA() AND table_name = 'datasources' AND column_name = 'created_at') AND objoid = (SELECT oid FROM pg_catalog.pg_class WHERE relname = 'datasources' AND relnamespace = (SELECT oid FROM pg_catalog.pg_namespace WHERE nspname = CURRENT_SCHEMA()))

2026/06/24 23:14:28 [32m/Users/pengchunhui/code/aiops/AiOpsHub/backend/internal/database/database.go:61
[0m[33m[99.562ms] [34;1m[rows:0][0m SELECT description FROM pg_catalog.pg_description WHERE objsubid = (SELECT ordinal_position FROM information_schema.columns WHERE table_schema = CURRENT_SCHEMA() AND table_name = 'datasources' AND column_name = 'updated_at') AND objoid = (SELECT oid FROM pg_catalog.pg_class WHERE relname = 'datasources' AND relnamespace = (SELECT oid FROM pg_catalog.pg_namespace WHERE nspname = CURRENT_SCHEMA()))

2026/06/24 23:14:28 [32m/Users/pengchunhui/code/aiops/AiOpsHub/backend/internal/database/database.go:61
[0m[33m[49.599ms] [34;1m[rows:1][0m SELECT count(*) FROM information_schema.tables WHERE table_schema = CURRENT_SCHEMA() AND table_name = 'users' AND table_type = 'BASE TABLE'

2026/06/24 23:14:28 [32m/Users/pengchunhui/code/aiops/AiOpsHub/backend/internal/database/database.go:61
[0m[33m[43.065ms] [34;1m[rows:1][0m SELECT CURRENT_DATABASE()

2026/06/24 23:14:28 [32m/Users/pengchunhui/code/aiops/AiOpsHub/backend/internal/database/database.go:61
[0m[33m[62.473ms] [34;1m[rows:-][0m SELECT c.column_name, c.is_nullable = 'YES', c.udt_name, c.character_maximum_length, c.numeric_precision, c.numeric_precision_radix, c.numeric_scale, c.datetime_precision, 8 * typlen, c.column_default, pd.description, c.identity_increment FROM information_schema.columns AS c JOIN pg_type AS pgt ON c.udt_name = pgt.typname LEFT JOIN pg_catalog.pg_description as pd ON pd.objsubid = c.ordinal_position AND pd.objoid = (SELECT oid FROM pg_catalog.pg_class WHERE relname = c.table_name AND relnamespace = (SELECT oid FROM pg_catalog.pg_namespace WHERE nspname = c.table_schema)) where table_catalog = 'aiopsdb' AND table_schema = CURRENT_SCHEMA() AND table_name = 'users'

2026/06/24 23:14:28 [32m/Users/pengchunhui/code/aiops/AiOpsHub/backend/internal/database/database.go:61
[0m[33m[53.055ms] [34;1m[rows:-][0m SELECT * FROM "users" LIMIT 5

2026/06/24 23:14:28 [32m/Users/pengchunhui/code/aiops/AiOpsHub/backend/internal/database/database.go:61
[0m[33m[53.165ms] [34;1m[rows:-][0m SELECT constraint_name FROM information_schema.table_constraints tc JOIN information_schema.constraint_column_usage AS ccu USING (constraint_schema, constraint_catalog, table_name, constraint_name) JOIN information_schema.columns AS c ON c.table_schema = tc.constraint_schema AND tc.table_name = c.table_name AND ccu.column_name = c.column_name WHERE constraint_type IN ('PRIMARY KEY', 'UNIQUE') AND c.table_catalog = 'aiopsdb' AND c.table_schema = CURRENT_SCHEMA() AND c.table_name = 'users' AND constraint_type = 'UNIQUE'

2026/06/24 23:14:28 [32m/Users/pengchunhui/code/aiops/AiOpsHub/backend/internal/database/database.go:61
[0m[33m[48.378ms] [34;1m[rows:-][0m SELECT c.column_name, constraint_name, constraint_type FROM information_schema.table_constraints tc JOIN information_schema.constraint_column_usage AS ccu USING (constraint_schema, constraint_catalog, table_name, constraint_name) JOIN information_schema.columns AS c ON c.table_schema = tc.constraint_schema AND tc.table_name = c.table_name AND ccu.column_name = c.column_name WHERE constraint_type IN ('PRIMARY KEY', 'UNIQUE') AND c.table_catalog = 'aiopsdb' AND c.table_schema = CURRENT_SCHEMA() AND c.table_name = 'users'

2026/06/24 23:14:28 [32m/Users/pengchunhui/code/aiops/AiOpsHub/backend/internal/database/database.go:61
[0m[33m[54.932ms] [34;1m[rows:-][0m SELECT a.attname as column_name, format_type(a.atttypid, a.atttypmod) AS data_type
		FROM pg_attribute a JOIN pg_class b ON a.attrelid = b.oid AND relnamespace = (SELECT oid FROM pg_catalog.pg_namespace WHERE nspname = CURRENT_SCHEMA())
		WHERE a.attnum > 0 -- hide internal columns
		AND NOT a.attisdropped -- hide deleted columns
		AND b.relname = 'users'

2026/06/24 23:14:28 [32m/Users/pengchunhui/code/aiops/AiOpsHub/backend/internal/database/database.go:61
[0m[33m[48.126ms] [34;1m[rows:0][0m SELECT description FROM pg_catalog.pg_description WHERE objsubid = (SELECT ordinal_position FROM information_schema.columns WHERE table_schema = CURRENT_SCHEMA() AND table_name = 'users' AND column_name = 'id') AND objoid = (SELECT oid FROM pg_catalog.pg_class WHERE relname = 'users' AND relnamespace = (SELECT oid FROM pg_catalog.pg_namespace WHERE nspname = CURRENT_SCHEMA()))

2026/06/24 23:14:28 [32m/Users/pengchunhui/code/aiops/AiOpsHub/backend/internal/database/database.go:61
[0m[33m[109.723ms] [34;1m[rows:0][0m SELECT description FROM pg_catalog.pg_description WHERE objsubid = (SELECT ordinal_position FROM information_schema.columns WHERE table_schema = CURRENT_SCHEMA() AND table_name = 'users' AND column_name = 'username') AND objoid = (SELECT oid FROM pg_catalog.pg_class WHERE relname = 'users' AND relnamespace = (SELECT oid FROM pg_catalog.pg_namespace WHERE nspname = CURRENT_SCHEMA()))

2026/06/24 23:14:28 [32m/Users/pengchunhui/code/aiops/AiOpsHub/backend/internal/database/database.go:61
[0m[33m[44.406ms] [34;1m[rows:0][0m SELECT description FROM pg_catalog.pg_description WHERE objsubid = (SELECT ordinal_position FROM information_schema.columns WHERE table_schema = CURRENT_SCHEMA() AND table_name = 'users' AND column_name = 'email') AND objoid = (SELECT oid FROM pg_catalog.pg_class WHERE relname = 'users' AND relnamespace = (SELECT oid FROM pg_catalog.pg_namespace WHERE nspname = CURRENT_SCHEMA()))

2026/06/24 23:14:28 [32m/Users/pengchunhui/code/aiops/AiOpsHub/backend/internal/database/database.go:61
[0m[33m[47.175ms] [34;1m[rows:0][0m SELECT description FROM pg_catalog.pg_description WHERE objsubid = (SELECT ordinal_position FROM information_schema.columns WHERE table_schema = CURRENT_SCHEMA() AND table_name = 'users' AND column_name = 'password') AND objoid = (SELECT oid FROM pg_catalog.pg_class WHERE relname = 'users' AND relnamespace = (SELECT oid FROM pg_catalog.pg_namespace WHERE nspname = CURRENT_SCHEMA()))

2026/06/24 23:14:28 [32m/Users/pengchunhui/code/aiops/AiOpsHub/backend/internal/database/database.go:61
[0m[33m[42.621ms] [34;1m[rows:0][0m SELECT description FROM pg_catalog.pg_description WHERE objsubid = (SELECT ordinal_position FROM information_schema.columns WHERE table_schema = CURRENT_SCHEMA() AND table_name = 'users' AND column_name = 'role') AND objoid = (SELECT oid FROM pg_catalog.pg_class WHERE relname = 'users' AND relnamespace = (SELECT oid FROM pg_catalog.pg_namespace WHERE nspname = CURRENT_SCHEMA()))

2026/06/24 23:14:28 [32m/Users/pengchunhui/code/aiops/AiOpsHub/backend/internal/database/database.go:61
[0m[33m[62.253ms] [34;1m[rows:0][0m SELECT description FROM pg_catalog.pg_description WHERE objsubid = (SELECT ordinal_position FROM information_schema.columns WHERE table_schema = CURRENT_SCHEMA() AND table_name = 'users' AND column_name = 'created_at') AND objoid = (SELECT oid FROM pg_catalog.pg_class WHERE relname = 'users' AND relnamespace = (SELECT oid FROM pg_catalog.pg_namespace WHERE nspname = CURRENT_SCHEMA()))

2026/06/24 23:14:28 [32m/Users/pengchunhui/code/aiops/AiOpsHub/backend/internal/database/database.go:61
[0m[33m[69.027ms] [34;1m[rows:0][0m SELECT description FROM pg_catalog.pg_description WHERE objsubid = (SELECT ordinal_position FROM information_schema.columns WHERE table_schema = CURRENT_SCHEMA() AND table_name = 'users' AND column_name = 'updated_at') AND objoid = (SELECT oid FROM pg_catalog.pg_class WHERE relname = 'users' AND relnamespace = (SELECT oid FROM pg_catalog.pg_namespace WHERE nspname = CURRENT_SCHEMA()))

2026/06/24 23:14:28 [32m/Users/pengchunhui/code/aiops/AiOpsHub/backend/internal/database/database.go:61
[0m[33m[104.374ms] [34;1m[rows:1][0m SELECT count(*) FROM information_schema.tables WHERE table_schema = CURRENT_SCHEMA() AND table_name = 'tools' AND table_type = 'BASE TABLE'

2026/06/24 23:14:28 [32m/Users/pengchunhui/code/aiops/AiOpsHub/backend/internal/database/database.go:61
[0m[33m[49.613ms] [34;1m[rows:1][0m SELECT CURRENT_DATABASE()

2026/06/24 23:14:29 [32m/Users/pengchunhui/code/aiops/AiOpsHub/backend/internal/database/database.go:61
[0m[33m[53.839ms] [34;1m[rows:-][0m SELECT c.column_name, c.is_nullable = 'YES', c.udt_name, c.character_maximum_length, c.numeric_precision, c.numeric_precision_radix, c.numeric_scale, c.datetime_precision, 8 * typlen, c.column_default, pd.description, c.identity_increment FROM information_schema.columns AS c JOIN pg_type AS pgt ON c.udt_name = pgt.typname LEFT JOIN pg_catalog.pg_description as pd ON pd.objsubid = c.ordinal_position AND pd.objoid = (SELECT oid FROM pg_catalog.pg_class WHERE relname = c.table_name AND relnamespace = (SELECT oid FROM pg_catalog.pg_namespace WHERE nspname = c.table_schema)) where table_catalog = 'aiopsdb' AND table_schema = CURRENT_SCHEMA() AND table_name = 'tools'

2026/06/24 23:14:29 [32m/Users/pengchunhui/code/aiops/AiOpsHub/backend/internal/database/database.go:61
[0m[33m[44.093ms] [34;1m[rows:-][0m SELECT * FROM "tools" LIMIT 5

2026/06/24 23:14:29 [32m/Users/pengchunhui/code/aiops/AiOpsHub/backend/internal/database/database.go:61
[0m[33m[65.070ms] [34;1m[rows:-][0m SELECT constraint_name FROM information_schema.table_constraints tc JOIN information_schema.constraint_column_usage AS ccu USING (constraint_schema, constraint_catalog, table_name, constraint_name) JOIN information_schema.columns AS c ON c.table_schema = tc.constraint_schema AND tc.table_name = c.table_name AND ccu.column_name = c.column_name WHERE constraint_type IN ('PRIMARY KEY', 'UNIQUE') AND c.table_catalog = 'aiopsdb' AND c.table_schema = CURRENT_SCHEMA() AND c.table_name = 'tools' AND constraint_type = 'UNIQUE'

2026/06/24 23:14:29 [32m/Users/pengchunhui/code/aiops/AiOpsHub/backend/internal/database/database.go:61
[0m[33m[45.407ms] [34;1m[rows:-][0m SELECT c.column_name, constraint_name, constraint_type FROM information_schema.table_constraints tc JOIN information_schema.constraint_column_usage AS ccu USING (constraint_schema, constraint_catalog, table_name, constraint_name) JOIN information_schema.columns AS c ON c.table_schema = tc.constraint_schema AND tc.table_name = c.table_name AND ccu.column_name = c.column_name WHERE constraint_type IN ('PRIMARY KEY', 'UNIQUE') AND c.table_catalog = 'aiopsdb' AND c.table_schema = CURRENT_SCHEMA() AND c.table_name = 'tools'

2026/06/24 23:14:29 [32m/Users/pengchunhui/code/aiops/AiOpsHub/backend/internal/database/database.go:61
[0m[33m[51.146ms] [34;1m[rows:-][0m SELECT a.attname as column_name, format_type(a.atttypid, a.atttypmod) AS data_type
		FROM pg_attribute a JOIN pg_class b ON a.attrelid = b.oid AND relnamespace = (SELECT oid FROM pg_catalog.pg_namespace WHERE nspname = CURRENT_SCHEMA())
		WHERE a.attnum > 0 -- hide internal columns
		AND NOT a.attisdropped -- hide deleted columns
		AND b.relname = 'tools'

2026/06/24 23:14:29 [32m/Users/pengchunhui/code/aiops/AiOpsHub/backend/internal/database/database.go:61
[0m[33m[46.346ms] [34;1m[rows:0][0m SELECT description FROM pg_catalog.pg_description WHERE objsubid = (SELECT ordinal_position FROM information_schema.columns WHERE table_schema = CURRENT_SCHEMA() AND table_name = 'tools' AND column_name = 'id') AND objoid = (SELECT oid FROM pg_catalog.pg_class WHERE relname = 'tools' AND relnamespace = (SELECT oid FROM pg_catalog.pg_namespace WHERE nspname = CURRENT_SCHEMA()))

2026/06/24 23:14:29 [32m/Users/pengchunhui/code/aiops/AiOpsHub/backend/internal/database/database.go:61
[0m[33m[47.972ms] [34;1m[rows:0][0m SELECT description FROM pg_catalog.pg_description WHERE objsubid = (SELECT ordinal_position FROM information_schema.columns WHERE table_schema = CURRENT_SCHEMA() AND table_name = 'tools' AND column_name = 'name') AND objoid = (SELECT oid FROM pg_catalog.pg_class WHERE relname = 'tools' AND relnamespace = (SELECT oid FROM pg_catalog.pg_namespace WHERE nspname = CURRENT_SCHEMA()))

2026/06/24 23:14:29 [32m/Users/pengchunhui/code/aiops/AiOpsHub/backend/internal/database/database.go:61
[0m[33m[49.024ms] [34;1m[rows:0][0m SELECT description FROM pg_catalog.pg_description WHERE objsubid = (SELECT ordinal_position FROM information_schema.columns WHERE table_schema = CURRENT_SCHEMA() AND table_name = 'tools' AND column_name = 'type') AND objoid = (SELECT oid FROM pg_catalog.pg_class WHERE relname = 'tools' AND relnamespace = (SELECT oid FROM pg_catalog.pg_namespace WHERE nspname = CURRENT_SCHEMA()))

2026/06/24 23:14:29 [32m/Users/pengchunhui/code/aiops/AiOpsHub/backend/internal/database/database.go:61
[0m[33m[64.861ms] [34;1m[rows:0][0m SELECT description FROM pg_catalog.pg_description WHERE objsubid = (SELECT ordinal_position FROM information_schema.columns WHERE table_schema = CURRENT_SCHEMA() AND table_name = 'tools' AND column_name = 'description') AND objoid = (SELECT oid FROM pg_catalog.pg_class WHERE relname = 'tools' AND relnamespace = (SELECT oid FROM pg_catalog.pg_namespace WHERE nspname = CURRENT_SCHEMA()))

2026/06/24 23:14:29 [32m/Users/pengchunhui/code/aiops/AiOpsHub/backend/internal/database/database.go:61
[0m[33m[52.724ms] [34;1m[rows:0][0m SELECT description FROM pg_catalog.pg_description WHERE objsubid = (SELECT ordinal_position FROM information_schema.columns WHERE table_schema = CURRENT_SCHEMA() AND table_name = 'tools' AND column_name = 'config') AND objoid = (SELECT oid FROM pg_catalog.pg_class WHERE relname = 'tools' AND relnamespace = (SELECT oid FROM pg_catalog.pg_namespace WHERE nspname = CURRENT_SCHEMA()))

2026/06/24 23:14:29 [32m/Users/pengchunhui/code/aiops/AiOpsHub/backend/internal/database/database.go:61
[0m[33m[111.519ms] [34;1m[rows:0][0m SELECT description FROM pg_catalog.pg_description WHERE objsubid = (SELECT ordinal_position FROM information_schema.columns WHERE table_schema = CURRENT_SCHEMA() AND table_name = 'tools' AND column_name = 'status') AND objoid = (SELECT oid FROM pg_catalog.pg_class WHERE relname = 'tools' AND relnamespace = (SELECT oid FROM pg_catalog.pg_namespace WHERE nspname = CURRENT_SCHEMA()))

2026/06/24 23:14:29 [32m/Users/pengchunhui/code/aiops/AiOpsHub/backend/internal/database/database.go:61
[0m[33m[90.469ms] [34;1m[rows:0][0m SELECT description FROM pg_catalog.pg_description WHERE objsubid = (SELECT ordinal_position FROM information_schema.columns WHERE table_schema = CURRENT_SCHEMA() AND table_name = 'tools' AND column_name = 'created_at') AND objoid = (SELECT oid FROM pg_catalog.pg_class WHERE relname = 'tools' AND relnamespace = (SELECT oid FROM pg_catalog.pg_namespace WHERE nspname = CURRENT_SCHEMA()))

2026/06/24 23:14:29 [32m/Users/pengchunhui/code/aiops/AiOpsHub/backend/internal/database/database.go:61
[0m[33m[98.682ms] [34;1m[rows:0][0m SELECT description FROM pg_catalog.pg_description WHERE objsubid = (SELECT ordinal_position FROM information_schema.columns WHERE table_schema = CURRENT_SCHEMA() AND table_name = 'tools' AND column_name = 'updated_at') AND objoid = (SELECT oid FROM pg_catalog.pg_class WHERE relname = 'tools' AND relnamespace = (SELECT oid FROM pg_catalog.pg_namespace WHERE nspname = CURRENT_SCHEMA()))
2026-06-24T23:14:29.798+0800	[34mINFO[0m	logger/logger.go:61	Database connected and migrated successfully
2026-06-24T23:14:30.139+0800	[34mINFO[0m	logger/logger.go:61	Redis connected successfully
2026/06/24 23:14:30 INFO  No logger configured for temporal client. Created default one.
2026-06-24T23:14:30.390+0800	[34mINFO[0m	logger/logger.go:61	Temporal client connected: 192.168.100.10:7233
2026-06-24T23:14:30.390+0800	[34mINFO[0m	logger/logger.go:61	Workflow client initialized
[GIN-debug] [WARNING] Running in "debug" mode. Switch to "release" mode in production.
 - using env:	export GIN_MODE=release
 - using code:	gin.SetMode(gin.ReleaseMode)

[GIN-debug] GET    /health                   --> main.registerRoutes.func1 (6 handlers)
[GIN-debug] GET    /test/db                  --> github.com/aiops/AiOpsHub/backend/internal/handler.TestDB (6 handlers)
[GIN-debug] POST   /test/user                --> github.com/aiops/AiOpsHub/backend/internal/handler.TestCreateUser (6 handlers)
[GIN-debug] POST   /api/v1/auth/login        --> github.com/aiops/AiOpsHub/backend/internal/handler.Login (6 handlers)
[GIN-debug] POST   /api/v1/auth/logout       --> github.com/aiops/AiOpsHub/backend/internal/handler.Logout (6 handlers)
[GIN-debug] POST   /api/v1/auth/register     --> github.com/aiops/AiOpsHub/backend/internal/handler.Register (6 handlers)
[GIN-debug] GET    /api/v1/agents            --> github.com/aiops/AiOpsHub/backend/internal/handler.ListAgents (7 handlers)
[GIN-debug] GET    /api/v1/agents/:id        --> github.com/aiops/AiOpsHub/backend/internal/handler.GetAgent (7 handlers)
[GIN-debug] POST   /api/v1/agents            --> github.com/aiops/AiOpsHub/backend/internal/handler.CreateAgent (7 handlers)
[GIN-debug] PUT    /api/v1/agents/:id        --> github.com/aiops/AiOpsHub/backend/internal/handler.UpdateAgent (7 handlers)
[GIN-debug] DELETE /api/v1/agents/:id        --> github.com/aiops/AiOpsHub/backend/internal/handler.DeleteAgent (7 handlers)
[GIN-debug] GET    /api/v1/agents/:id/config --> github.com/aiops/AiOpsHub/backend/internal/handler.GetAgentConfig (7 handlers)
[GIN-debug] PUT    /api/v1/agents/:id/config --> github.com/aiops/AiOpsHub/backend/internal/handler.UpdateAgentConfig (7 handlers)
[GIN-debug] GET    /api/v1/workflows         --> github.com/aiops/AiOpsHub/backend/internal/handler.ListWorkflows (7 handlers)
[GIN-debug] GET    /api/v1/workflows/:id     --> github.com/aiops/AiOpsHub/backend/internal/handler.GetWorkflow (7 handlers)
[GIN-debug] POST   /api/v1/workflows         --> github.com/aiops/AiOpsHub/backend/internal/handler.CreateWorkflow (7 handlers)
[GIN-debug] PUT    /api/v1/workflows/:id     --> github.com/aiops/AiOpsHub/backend/internal/handler.UpdateWorkflow (7 handlers)
[GIN-debug] DELETE /api/v1/workflows/:id     --> github.com/aiops/AiOpsHub/backend/internal/handler.DeleteWorkflow (7 handlers)
[GIN-debug] POST   /api/v1/workflows/execute --> github.com/aiops/AiOpsHub/backend/internal/handler.ExecuteAgentWorkflow (7 handlers)
[GIN-debug] GET    /api/v1/workflows/:id/status --> github.com/aiops/AiOpsHub/backend/internal/handler.GetWorkflowStatus (7 handlers)
[GIN-debug] GET    /api/v1/workflows/:id/result --> github.com/aiops/AiOpsHub/backend/internal/handler.GetWorkflowResult (7 handlers)
[GIN-debug] GET    /api/v1/workflows/:id/executions --> github.com/aiops/AiOpsHub/backend/internal/handler.ListExecutions (7 handlers)
[GIN-debug] GET    /api/v1/workflows/executions/:execution_id --> github.com/aiops/AiOpsHub/backend/internal/handler.GetExecution (7 handlers)
[GIN-debug] GET    /api/v1/workflows/executions/:execution_id/status --> github.com/aiops/AiOpsHub/backend/internal/handler.GetExecutionStatus (7 handlers)
[GIN-debug] GET    /api/v1/knowledge         --> github.com/aiops/AiOpsHub/backend/internal/handler.ListKnowledge (7 handlers)
[GIN-debug] GET    /api/v1/knowledge/:id     --> github.com/aiops/AiOpsHub/backend/internal/handler.GetKnowledge (7 handlers)
[GIN-debug] POST   /api/v1/knowledge         --> github.com/aiops/AiOpsHub/backend/internal/handler.CreateKnowledge (7 handlers)
[GIN-debug] PUT    /api/v1/knowledge/:id     --> github.com/aiops/AiOpsHub/backend/internal/handler.UpdateKnowledge (7 handlers)
[GIN-debug] DELETE /api/v1/knowledge/:id     --> github.com/aiops/AiOpsHub/backend/internal/handler.DeleteKnowledge (7 handlers)
[GIN-debug] POST   /api/v1/knowledge/search  --> github.com/aiops/AiOpsHub/backend/internal/handler.SearchKnowledge (7 handlers)
[GIN-debug] GET    /api/v1/datasources       --> github.com/aiops/AiOpsHub/backend/internal/handler.ListDatasources (7 handlers)
[GIN-debug] GET    /api/v1/datasources/:id   --> github.com/aiops/AiOpsHub/backend/internal/handler.GetDatasource (7 handlers)
[GIN-debug] POST   /api/v1/datasources       --> github.com/aiops/AiOpsHub/backend/internal/handler.CreateDatasource (7 handlers)
[GIN-debug] PUT    /api/v1/datasources/:id   --> github.com/aiops/AiOpsHub/backend/internal/handler.UpdateDatasource (7 handlers)
[GIN-debug] DELETE /api/v1/datasources/:id   --> github.com/aiops/AiOpsHub/backend/internal/handler.DeleteDatasource (7 handlers)
[GIN-debug] POST   /api/v1/datasources/:id/test --> github.com/aiops/AiOpsHub/backend/internal/handler.TestDatasource (7 handlers)
[GIN-debug] GET    /api/v1/alerts            --> github.com/aiops/AiOpsHub/backend/internal/handler.ListAlerts (7 handlers)
[GIN-debug] GET    /api/v1/alerts/:id        --> github.com/aiops/AiOpsHub/backend/internal/handler.GetAlert (7 handlers)
[GIN-debug] POST   /api/v1/alerts            --> github.com/aiops/AiOpsHub/backend/internal/handler.CreateAlert (7 handlers)
[GIN-debug] POST   /api/v1/alerts/webhook    --> github.com/aiops/AiOpsHub/backend/internal/handler.AlertWebhook (7 handlers)
[GIN-debug] GET    /api/v1/alerts/rules      --> github.com/aiops/AiOpsHub/backend/internal/handler.ListAlertRules (7 handlers)
[GIN-debug] POST   /api/v1/alerts/rules      --> github.com/aiops/AiOpsHub/backend/internal/handler.CreateAlertRule (7 handlers)
[GIN-debug] PUT    /api/v1/alerts/rules/:id  --> github.com/aiops/AiOpsHub/backend/internal/handler.UpdateAlertRule (7 handlers)
[GIN-debug] DELETE /api/v1/alerts/rules/:id  --> github.com/aiops/AiOpsHub/backend/internal/handler.DeleteAlertRule (7 handlers)
[GIN-debug] GET    /api/v1/tools             --> github.com/aiops/AiOpsHub/backend/internal/handler.ListTools (7 handlers)
[GIN-debug] GET    /api/v1/tools/:id         --> github.com/aiops/AiOpsHub/backend/internal/handler.GetTool (7 handlers)
[GIN-debug] POST   /api/v1/tools/:id/execute --> github.com/aiops/AiOpsHub/backend/internal/handler.ExecuteTool (7 handlers)
[GIN-debug] GET    /api/v1/ai-agents         --> github.com/aiops/AiOpsHub/backend/internal/handler.ListAIAgents (7 handlers)
[GIN-debug] POST   /api/v1/ai-agents         --> github.com/aiops/AiOpsHub/backend/internal/handler.CreateAIAgent (7 handlers)
[GIN-debug] GET    /api/v1/ai-agents/:id     --> github.com/aiops/AiOpsHub/backend/internal/handler.GetAIAgent (7 handlers)
[GIN-debug] POST   /api/v1/ai-agents/:id/execute --> github.com/aiops/AiOpsHub/backend/internal/handler.ExecuteAIAgent (7 handlers)
[GIN-debug] GET    /api/v1/monitor/stats     --> github.com/aiops/AiOpsHub/backend/internal/handler.GetStats (7 handlers)
[GIN-debug] GET    /api/v1/monitor/tokens    --> github.com/aiops/AiOpsHub/backend/internal/handler.GetTokenStats (7 handlers)
[GIN-debug] GET    /api/v1/monitor/cost      --> github.com/aiops/AiOpsHub/backend/internal/handler.GetCostStats (7 handlers)
[GIN-debug] GET    /api/v1/monitor/performance --> github.com/aiops/AiOpsHub/backend/internal/handler.GetPerformance (7 handlers)
[GIN-debug] GET    /api/v1/users             --> github.com/aiops/AiOpsHub/backend/internal/handler.ListUsers (8 handlers)
[GIN-debug] GET    /api/v1/users/:id         --> github.com/aiops/AiOpsHub/backend/internal/handler.GetUser (8 handlers)
[GIN-debug] PUT    /api/v1/users/:id         --> github.com/aiops/AiOpsHub/backend/internal/handler.UpdateUser (8 handlers)
[GIN-debug] DELETE /api/v1/users/:id         --> github.com/aiops/AiOpsHub/backend/internal/handler.DeleteUser (8 handlers)
2026-06-24T23:14:30.390+0800	[34mINFO[0m	logger/logger.go:61	API Server started on port 8080
